TN:
SF:lib/app_bar.dart
FNF:0
FNH:0
DA:18,1
DA:23,1
DA:25,2
DA:26,2
DA:28,1
DA:29,2
DA:30,1
DA:31,1
DA:32,1
DA:33,2
DA:34,1
DA:35,1
DA:40,1
DA:42,1
DA:43,0
DA:45,1
DA:46,2
DA:48,1
DA:49,2
DA:51,1
DA:52,0
DA:55,2
DA:57,2
DA:60,1
DA:66,1
DA:68,1
DA:69,1
DA:77,1
DA:78,1
DA:79,1
DA:80,1
DA:86,1
DA:92,1
DA:98,1
DA:99,1
DA:104,1
DA:105,1
DA:107,1
DA:110,1
DA:116,1
DA:120,1
DA:125,1
DA:126,1
DA:128,1
DA:130,1
DA:132,1
DA:138,1
DA:144,1
DA:145,1
DA:147,1
DA:149,2
DA:150,2
DA:156,1
DA:167,1
DA:173,1
DA:177,1
DA:184,1
DA:186,1
DA:189,1
DA:191,1
DA:198,1
DA:201,4
DA:202,3
DA:203,2
DA:205,1
DA:207,1
DA:209,1
DA:210,4
DA:213,1
DA:214,2
DA:215,1
DA:217,2
DA:227,1
DA:230,1
DA:231,1
DA:232,1
DA:235,0
DA:236,1
DA:240,1
DA:241,1
DA:243,1
DA:244,2
DA:246,2
DA:251,1
DA:253,1
DA:254,0
DA:255,0
DA:257,1
DA:258,0
DA:259,0
DA:262,1
DA:263,0
DA:265,1
DA:266,1
DA:268,1
DA:269,0
DA:271,1
DA:272,0
DA:274,1
DA:275,0
DA:277,1
DA:278,2
DA:279,2
DA:282,0
LF:104
LH:92
end_of_record
TN:
SF:lib/app_title.dart
FNF:0
FNH:0
DA:16,1
DA:17,3
DA:22,1
DA:24,2
DA:26,1
DA:27,1
DA:28,1
DA:30,1
DA:31,1
DA:32,1
DA:33,2
DA:34,1
DA:35,2
DA:36,1
DA:38,3
DA:39,3
DA:40,3
DA:52,1
DA:53,1
DA:54,2
DA:55,1
DA:56,1
DA:57,3
DA:58,3
DA:64,1
DA:69,2
DA:70,1
DA:75,1
DA:77,1
DA:78,1
DA:79,1
DA:80,1
DA:82,1
LF:33
LH:33
end_of_record
TN:
SF:lib/helpers/account_types.dart
FNF:0
FNH:0
DA:11,2
DA:13,2
DA:15,2
DA:17,2
DA:19,2
DA:21,2
DA:22,2
DA:24,2
DA:26,2
DA:28,2
DA:30,2
DA:32,2
DA:34,2
DA:42,1
DA:44,1
DA:46,1
DA:48,1
DA:50,1
DA:52,1
DA:54,1
DA:56,1
DA:58,1
DA:60,1
DA:62,1
DA:64,1
DA:70,0
DA:73,1
DA:74,1
DA:75,1
DA:76,1
DA:77,1
DA:78,1
DA:79,1
DA:80,1
DA:81,1
DA:82,1
DA:83,1
DA:84,1
LF:38
LH:37
end_of_record
TN:
SF:lib/helpers/accumulator.dart
FNF:0
FNH:0
DA:12,1
DA:13,2
DA:16,1
DA:17,2
DA:20,0
DA:21,0
DA:27,0
DA:35,1
DA:36,2
DA:37,2
DA:38,1
DA:41,3
DA:46,1
DA:47,3
DA:54,1
DA:55,3
DA:58,1
DA:59,2
DA:71,1
DA:72,2
DA:75,1
DA:76,2
DA:79,2
DA:80,4
DA:82,4
DA:83,6
DA:85,4
DA:89,4
DA:91,0
DA:95,0
DA:100,0
DA:109,3
DA:112,4
DA:123,1
DA:124,2
DA:127,3
DA:129,1
DA:130,2
DA:131,3
DA:133,4
DA:137,0
DA:139,3
DA:150,1
DA:151,2
DA:154,3
DA:156,1
DA:157,7
DA:158,1
DA:161,3
DA:175,1
DA:176,2
DA:177,2
DA:178,2
DA:181,3
DA:183,1
DA:184,7
DA:185,1
DA:188,5
DA:189,2
DA:191,5
DA:192,2
DA:196,3
DA:198,0
DA:200,0
DA:211,1
DA:212,2
DA:213,3
DA:215,3
DA:218,3
DA:229,1
DA:230,2
DA:231,3
DA:233,3
DA:238,1
DA:239,2
DA:240,1
DA:243,0
DA:259,1
DA:260,1
DA:261,2
DA:263,2
DA:264,2
DA:265,2
DA:269,5
DA:271,5
DA:273,1
DA:274,2
DA:275,2
DA:277,5
DA:280,1
DA:281,2
DA:285,0
DA:287,3
LF:93
LH:82
end_of_record
TN:
SF:lib/helpers/amount_model.dart
FNF:0
FNH:0
DA:8,6
DA:26,2
DA:28,2
DA:29,2
DA:30,2
DA:35,2
DA:36,2
DA:37,3
DA:39,4
DA:45,1
DA:46,1
DA:47,0
DA:49,2
DA:57,5
DA:58,5
DA:60,5
DA:61,2
DA:63,5
DA:67,6
DA:69,1
DA:70,1
DA:71,1
DA:72,1
DA:77,0
DA:79,0
DA:81,0
LF:26
LH:22
end_of_record
TN:
SF:lib/helpers/app_intents.dart
FNF:0
FNH:0
DA:5,1
DA:10,1
DA:15,1
DA:20,1
DA:25,1
LF:5
LH:5
end_of_record
TN:
SF:lib/helpers/application_bindings.dart
FNF:0
FNH:0
DA:9,1
LF:1
LH:1
end_of_record
TN:
SF:lib/helpers/category_types.dart
FNF:0
FNH:0
DA:15,1
DA:16,3
DA:17,1
DA:22,0
DA:23,0
DA:24,0
DA:26,0
DA:28,0
DA:29,0
DA:31,0
DA:33,0
DA:35,0
DA:37,0
DA:44,1
DA:45,1
DA:46,1
DA:47,1
DA:48,1
DA:49,1
DA:50,1
DA:51,1
DA:52,1
DA:53,1
DA:57,2
DA:59,2
DA:61,2
DA:63,2
DA:65,2
DA:67,2
DA:69,2
DA:71,2
DA:73,2
LF:32
LH:22
end_of_record
TN:
SF:lib/helpers/chart_helper.dart
FNF:0
FNH:0
DA:17,1
DA:21,5
DA:24,3
DA:26,2
DA:27,5
DA:30,1
DA:35,1
DA:37,1
DA:38,1
DA:39,1
DA:40,1
DA:47,1
LF:12
LH:12
end_of_record
TN:
SF:lib/helpers/color_helper.dart
FNF:0
FNH:0
DA:15,0
DA:17,0
DA:20,0
DA:23,0
DA:26,0
DA:39,1
DA:43,3
DA:57,1
DA:62,5
DA:63,5
DA:64,5
DA:65,5
DA:66,1
DA:67,0
DA:70,0
DA:72,1
DA:83,3
DA:85,36
DA:88,3
DA:103,1
DA:104,2
DA:105,2
DA:106,1
DA:108,2
DA:109,3
DA:114,8
DA:115,16
DA:119,2
DA:121,2
DA:124,2
DA:125,2
DA:127,2
DA:130,6
DA:131,12
DA:134,9
DA:135,9
DA:138,0
DA:139,0
DA:140,0
LF:39
LH:29
end_of_record
TN:
SF:lib/helpers/constants.dart
FNF:0
FNH:0
DA:129,1
DA:130,1
DA:131,3
DA:135,0
DA:136,0
DA:137,0
DA:140,1
DA:141,1
DA:142,4
DA:145,0
DA:146,0
DA:147,0
DA:174,1
DA:176,3
DA:179,1
DA:181,1
DA:183,1
DA:185,1
DA:187,1
DA:189,1
DA:191,1
DA:193,1
DA:195,1
DA:197,1
DA:199,1
DA:201,1
DA:203,1
DA:205,1
DA:210,1
DA:211,2
LF:30
LH:24
end_of_record
TN:
SF:lib/helpers/currency_helper.dart
FNF:0
FNH:0
DA:10,3
DA:15,3
DA:20,4
DA:22,1
DA:25,3
DA:28,3
DA:31,3
DA:38,3
DA:39,3
DA:44,1
DA:48,1
DA:52,1
DA:54,1
DA:59,1
DA:61,1
DA:63,1
DA:67,1
DA:243,1
LF:18
LH:18
end_of_record
TN:
SF:lib/helpers/database_sql.dart
FNF:0
FNH:0
DA:11,1
DA:12,2
DA:15,0
DA:16,0
DA:19,1
DA:20,1
DA:235,1
DA:236,3
DA:240,1
DA:241,5
DA:242,5
DA:243,3
DA:247,1
DA:252,1
DA:253,1
DA:254,4
DA:256,1
DA:258,1
DA:259,2
DA:260,1
DA:264,1
DA:265,2
DA:266,2
DA:268,2
DA:269,2
DA:278,1
DA:279,2
DA:282,1
DA:283,2
DA:285,1
DA:287,1
LF:31
LH:29
end_of_record
TN:
SF:lib/helpers/date_helper.dart
FNF:0
FNH:0
DA:6,2
DA:7,2
DA:8,2
DA:9,2
DA:10,2
DA:12,2
DA:14,4
DA:15,4
DA:16,4
DA:17,4
DA:18,4
DA:19,2
DA:20,2
DA:21,2
DA:31,1
DA:32,2
DA:35,2
DA:36,2
DA:38,2
DA:39,4
DA:41,4
DA:42,2
DA:48,1
DA:55,2
DA:56,4
DA:58,4
DA:59,2
DA:64,0
DA:65,0
DA:67,0
DA:68,0
DA:99,2
DA:101,2
DA:112,4
DA:113,4
DA:115,4
DA:116,4
DA:117,4
DA:118,4
DA:119,4
DA:120,4
DA:127,2
DA:130,6
DA:151,2
DA:158,2
DA:161,1
DA:163,2
DA:168,2
DA:172,4
DA:186,1
DA:191,2
DA:203,1
DA:210,1
DA:222,1
DA:229,1
DA:246,3
DA:250,6
DA:251,6
DA:252,6
DA:253,4
DA:254,2
DA:255,2
DA:258,1
DA:275,3
DA:280,3
DA:281,3
DA:283,6
DA:284,2
DA:285,2
DA:286,1
DA:287,1
DA:289,2
DA:290,2
DA:291,1
DA:292,3
DA:294,4
DA:296,6
DA:297,2
DA:298,2
DA:299,1
DA:300,2
DA:302,3
DA:304,6
DA:305,4
DA:306,6
DA:307,4
DA:308,6
DA:309,4
DA:320,10
DA:322,2
DA:327,5
DA:330,1
DA:340,9
LF:93
LH:89
end_of_record
TN:
SF:lib/helpers/file_systems.dart
FNF:0
FNH:0
DA:7,0
DA:8,0
DA:10,0
DA:11,0
DA:19,1
DA:20,2
DA:23,1
DA:24,1
DA:25,1
DA:30,0
DA:33,0
DA:34,0
DA:36,0
DA:38,0
DA:40,0
DA:46,0
DA:47,0
DA:50,1
DA:51,1
DA:54,1
DA:56,1
DA:57,1
DA:58,1
DA:59,1
DA:67,2
DA:68,2
DA:71,0
DA:72,0
DA:75,2
DA:77,0
DA:78,0
DA:79,0
DA:80,0
DA:85,0
DA:90,0
DA:91,0
DA:95,0
DA:99,0
DA:101,0
DA:102,0
DA:105,0
LF:41
LH:15
end_of_record
TN:
SF:lib/helpers/investment_types.dart
FNF:0
FNH:0
DA:23,1
DA:24,2
DA:27,1
DA:28,2
DA:31,1
DA:32,1
DA:35,0
DA:36,0
DA:39,1
DA:40,6
DA:53,0
DA:54,0
DA:57,0
DA:58,0
DA:61,0
DA:62,0
DA:65,0
DA:66,0
DA:69,0
DA:70,0
DA:73,1
DA:75,1
DA:76,0
DA:78,0
DA:79,0
DA:81,0
DA:82,0
LF:27
LH:10
end_of_record
TN:
SF:lib/helpers/json_helper.dart
FNF:0
FNH:0
DA:16,1
DA:17,1
DA:20,2
DA:22,3
DA:24,1
DA:40,1
DA:41,1
DA:42,2
DA:44,1
DA:58,1
DA:59,1
DA:61,2
DA:62,1
DA:63,1
DA:64,2
DA:77,1
DA:78,1
DA:79,3
DA:80,3
DA:97,1
DA:98,1
DA:103,1
DA:117,4
DA:118,4
DA:120,4
DA:125,4
DA:141,2
DA:142,2
DA:147,1
DA:148,1
DA:150,1
DA:151,0
DA:168,4
DA:169,4
DA:174,4
DA:177,1
DA:191,3
DA:192,3
DA:205,1
DA:206,1
DA:207,1
DA:222,0
DA:223,0
DA:226,0
DA:227,0
DA:245,3
DA:246,3
DA:247,3
DA:250,6
DA:251,1
DA:252,2
DA:253,1
DA:257,1
LF:53
LH:48
end_of_record
TN:
SF:lib/helpers/list_controller.dart
FNF:0
FNH:0
DA:16,0
DA:18,0
DA:19,0
DA:20,0
DA:23,1
DA:25,3
DA:26,1
DA:29,0
DA:30,0
DA:31,0
DA:34,0
DA:35,0
DA:36,0
DA:37,0
DA:44,0
DA:45,0
DA:46,0
DA:52,0
DA:53,0
DA:56,0
DA:57,0
DA:64,0
DA:65,0
DA:72,1
DA:73,4
LF:25
LH:5
end_of_record
TN:
SF:lib/helpers/list_helper.dart
FNF:0
FNH:0
DA:30,2
DA:32,2
DA:33,1
DA:37,6
DA:40,2
DA:43,4
DA:44,6
DA:77,2
DA:79,2
DA:82,4
DA:84,4
DA:108,1
DA:112,1
DA:114,3
DA:118,2
DA:119,3
DA:120,1
DA:121,1
DA:122,1
DA:124,1
DA:129,1
DA:130,1
DA:131,1
DA:133,2
DA:134,3
DA:139,3
DA:140,0
DA:141,0
DA:143,1
DA:144,1
DA:146,2
DA:147,1
DA:148,1
DA:151,1
DA:154,1
DA:155,3
DA:158,1
DA:159,2
DA:162,0
DA:163,0
DA:164,0
DA:169,2
DA:180,0
DA:185,2
DA:191,0
DA:193,1
DA:197,2
DA:199,3
DA:201,6
DA:205,2
DA:207,2
DA:209,1
DA:213,1
DA:214,6
DA:218,1
DA:219,1
DA:220,1
DA:221,0
DA:223,3
LF:59
LH:51
end_of_record
TN:
SF:lib/helpers/locale.dart
FNF:0
FNH:0
DA:4,1
DA:180,1
DA:183,1
DA:184,1
LF:4
LH:4
end_of_record
TN:
SF:lib/helpers/misc_helpers.dart
FNF:0
FNH:0
DA:11,0
DA:16,0
DA:17,0
DA:20,0
DA:21,0
DA:23,0
DA:24,0
DA:30,3
DA:31,3
DA:32,3
DA:38,2
DA:41,1
DA:44,2
DA:47,1
DA:48,2
DA:49,1
DA:50,1
DA:51,2
DA:55,1
DA:59,1
DA:60,0
DA:71,1
DA:75,3
DA:76,1
DA:77,1
DA:82,1
DA:83,2
DA:86,1
DA:87,2
DA:90,1
DA:91,2
DA:95,2
DA:96,2
DA:97,8
DA:107,2
DA:108,2
DA:109,0
DA:111,4
DA:112,6
DA:116,1
DA:117,2
DA:122,1
DA:123,1
DA:124,1
DA:132,1
DA:133,1
DA:134,0
DA:137,1
DA:138,1
DA:141,1
DA:142,1
DA:145,1
DA:146,0
DA:149,1
DA:150,1
DA:153,1
DA:154,0
DA:157,1
DA:158,0
DA:163,1
DA:164,2
DA:165,2
DA:169,1
DA:171,1
DA:173,1
DA:175,1
DA:179,2
DA:185,1
DA:186,2
DA:187,3
DA:192,0
DA:193,0
DA:199,0
DA:205,0
DA:206,0
DA:209,0
DA:210,0
DA:214,3
DA:215,6
DA:218,0
DA:219,0
DA:220,0
DA:221,0
LF:83
LH:59
end_of_record
TN:
SF:lib/helpers/pairs.dart
FNF:0
FNH:0
DA:2,0
DA:7,0
DA:13,0
DA:17,0
DA:20,0
DA:21,0
DA:23,0
DA:25,0
DA:30,1
DA:35,1
DA:41,1
DA:45,6
DA:48,0
DA:49,0
DA:51,0
DA:53,0
DA:58,0
DA:63,0
DA:69,0
DA:73,0
DA:76,0
DA:77,0
DA:79,0
DA:81,0
DA:86,3
DA:91,1
DA:96,7
DA:99,0
DA:100,0
DA:102,0
DA:103,0
DA:107,1
DA:113,0
DA:118,0
DA:121,0
DA:122,0
DA:124,0
DA:125,0
LF:38
LH:8
end_of_record
TN:
SF:lib/helpers/ranges.dart
FNF:0
FNH:0
DA:9,10
DA:11,4
DA:12,2
DA:13,6
DA:16,0
DA:19,0
DA:20,0
DA:21,0
DA:27,1
DA:29,1
DA:33,2
DA:37,1
DA:41,1
DA:43,2
DA:45,12
DA:49,0
DA:50,0
DA:51,0
DA:52,0
DA:53,0
DA:54,0
DA:55,0
DA:58,0
DA:60,0
DA:61,0
DA:63,0
DA:67,0
DA:68,0
DA:70,3
DA:71,3
DA:72,3
DA:75,1
DA:76,2
DA:81,3
DA:84,2
DA:89,1
DA:92,2
DA:93,2
DA:94,1
DA:99,1
DA:100,2
DA:103,1
DA:104,1
DA:108,8
DA:111,2
DA:112,2
DA:113,1
DA:118,3
DA:119,6
DA:120,6
DA:122,6
DA:123,9
DA:127,3
DA:129,2
DA:131,2
DA:132,2
DA:134,8
DA:135,1
DA:138,6
DA:139,2
DA:144,3
DA:146,1
DA:150,4
DA:153,1
DA:156,7
DA:158,1
DA:159,2
DA:160,1
DA:162,1
DA:165,7
DA:167,1
DA:177,1
DA:182,0
DA:183,0
DA:186,0
DA:187,0
DA:188,0
DA:189,0
DA:193,6
DA:195,6
DA:198,0
DA:199,0
DA:200,0
DA:201,0
DA:205,1
DA:206,2
DA:207,1
DA:209,2
DA:210,1
DA:215,7
DA:218,5
DA:221,0
DA:222,0
DA:223,0
DA:226,2
LF:95
LH:65
end_of_record
TN:
SF:lib/helpers/string_helper.dart
FNF:0
FNH:0
DA:14,2
DA:15,4
DA:16,0
DA:20,6
DA:21,4
DA:22,2
DA:28,1
DA:33,1
DA:38,3
DA:41,2
DA:42,2
DA:48,2
DA:50,3
DA:51,3
DA:52,9
DA:55,1
DA:56,1
DA:57,1
DA:60,2
DA:64,2
DA:67,2
DA:69,0
DA:70,0
DA:72,0
DA:77,0
DA:78,0
DA:81,0
DA:82,0
DA:85,0
DA:89,0
DA:90,0
DA:93,7
DA:95,1
DA:96,4
DA:98,3
DA:101,2
DA:112,4
DA:116,4
DA:117,4
DA:118,4
DA:121,10
DA:122,2
DA:124,14
DA:126,1
DA:127,1
DA:128,2
DA:130,2
DA:132,4
DA:133,2
DA:134,4
DA:136,2
DA:137,2
DA:138,1
DA:139,1
DA:140,1
DA:144,2
DA:149,7
DA:150,4
DA:151,2
DA:158,4
DA:163,16
DA:166,3
DA:168,1
DA:173,2
DA:175,4
DA:180,4
DA:181,8
DA:182,4
DA:183,8
DA:184,12
DA:190,4
DA:195,4
DA:196,8
DA:199,1
DA:200,2
DA:203,3
DA:207,2
DA:211,2
DA:212,2
DA:214,10
DA:219,1
DA:221,1
DA:227,1
DA:232,1
DA:233,2
DA:234,2
DA:239,1
DA:240,2
DA:241,5
DA:243,0
DA:246,1
DA:247,3
DA:249,4
DA:250,4
DA:254,4
DA:255,4
DA:257,4
DA:259,6
DA:260,15
DA:261,3
DA:266,3
DA:269,0
DA:270,0
DA:271,0
DA:273,0
DA:276,0
DA:277,0
DA:278,0
DA:280,0
DA:283,1
DA:289,1
DA:294,1
DA:297,1
DA:300,2
DA:304,2
DA:306,2
DA:307,0
DA:312,4
DA:313,4
DA:314,4
DA:315,4
DA:318,4
DA:321,8
DA:323,7
DA:324,8
DA:331,1
DA:332,1
DA:335,1
DA:338,2
DA:339,2
DA:342,1
DA:343,1
DA:350,3
DA:351,3
DA:352,5
DA:353,2
DA:354,2
DA:355,2
DA:360,3
DA:361,3
DA:362,3
DA:363,3
DA:364,1
DA:368,3
DA:373,2
DA:374,10
DA:376,4
DA:378,2
DA:379,2
DA:383,3
DA:385,1
DA:386,3
DA:387,5
DA:388,2
DA:389,0
DA:390,1
DA:391,3
DA:393,1
LF:158
LH:136
end_of_record
TN:
SF:lib/helpers/transaction_types.dart
FNF:0
FNH:0
DA:3,1
DA:5,1
DA:7,0
DA:9,0
DA:11,0
DA:13,0
LF:6
LH:2
end_of_record
TN:
SF:lib/home_binding.dart
FNF:0
FNH:0
DA:6,1
DA:8,2
LF:2
LH:2
end_of_record
TN:
SF:lib/home_page.dart
FNF:0
FNH:0
DA:30,0
DA:33,1
DA:35,1
DA:37,2
DA:38,1
DA:41,2
DA:43,1
DA:44,0
DA:45,0
DA:46,0
DA:47,0
DA:48,0
DA:51,0
DA:55,1
DA:56,2
DA:57,1
DA:63,1
DA:64,2
DA:65,1
DA:67,1
DA:70,1
DA:75,1
DA:76,1
DA:79,1
DA:81,1
DA:82,1
DA:84,5
DA:85,1
DA:86,4
DA:88,1
DA:89,1
DA:90,2
DA:91,1
DA:99,1
DA:100,1
DA:101,1
DA:102,2
DA:103,1
DA:105,5
DA:106,1
DA:107,4
DA:113,1
DA:114,3
DA:115,1
DA:116,1
DA:117,2
DA:120,1
DA:123,1
DA:126,1
DA:129,1
DA:132,1
DA:135,1
DA:138,1
DA:141,1
DA:144,1
DA:147,1
DA:150,1
DA:153,0
DA:158,1
DA:159,3
LF:60
LH:52
end_of_record
TN:
SF:lib/home_routes.dart
FNF:0
FNH:0
DA:7,0
DA:9,3
DA:10,1
DA:12,1
DA:13,1
LF:5
LH:4
end_of_record
TN:
SF:lib/main.dart
FNF:0
FNH:0
DA:26,1
DA:27,1
DA:28,1
DA:30,2
DA:36,1
DA:40,0
DA:41,0
DA:42,0
DA:50,0
DA:51,0
DA:56,0
DA:57,0
DA:62,0
DA:63,0
DA:69,0
DA:70,0
DA:98,1
DA:103,4
DA:104,4
DA:105,4
DA:107,2
DA:108,2
DA:110,1
DA:111,1
DA:112,1
DA:113,1
DA:114,1
DA:116,1
DA:117,1
DA:118,1
DA:119,1
DA:121,2
DA:122,2
DA:123,3
DA:125,1
DA:127,1
DA:128,1
DA:130,1
DA:131,2
DA:132,2
DA:138,1
DA:139,1
DA:140,1
DA:141,1
DA:142,1
DA:152,1
DA:153,1
DA:154,1
DA:155,1
LF:49
LH:38
end_of_record
TN:
SF:lib/my_nav_bar.dart
FNF:0
FNH:0
DA:11,1
DA:21,5
DA:25,1
DA:36,1
DA:38,2
DA:39,1
DA:40,1
DA:41,2
DA:42,1
DA:43,1
DA:44,1
DA:47,1
DA:49,1
DA:50,2
DA:51,2
DA:52,1
DA:53,2
DA:60,1
DA:61,1
DA:62,1
DA:63,2
DA:65,1
DA:67,2
DA:68,2
DA:73,1
DA:74,1
DA:75,1
DA:76,2
DA:77,1
DA:78,1
DA:79,2
DA:80,1
DA:81,1
DA:84,1
DA:87,1
DA:88,1
DA:89,1
DA:90,2
DA:91,3
DA:92,3
DA:93,3
DA:96,1
DA:99,1
DA:100,1
DA:101,1
DA:104,1
DA:106,1
DA:109,1
DA:111,1
DA:114,1
DA:116,1
DA:119,1
DA:121,1
DA:124,1
DA:126,1
DA:129,1
DA:131,1
DA:134,1
DA:136,1
DA:139,1
DA:141,1
DA:144,1
DA:146,1
DA:149,1
DA:151,2
DA:152,1
DA:155,1
DA:158,1
DA:161,1
LF:69
LH:69
end_of_record
TN:
SF:lib/my_window_manager.dart
FNF:0
FNH:0
DA:18,1
DA:22,2
DA:25,0
DA:26,0
DA:32,0
DA:37,0
DA:39,2
DA:42,2
DA:44,3
DA:46,1
DA:51,0
DA:52,0
DA:53,0
DA:55,0
DA:56,0
DA:57,0
DA:58,0
DA:61,1
DA:62,1
DA:65,1
DA:66,0
DA:67,0
DA:68,0
DA:71,0
DA:72,0
DA:73,0
DA:74,0
DA:76,0
DA:79,2
DA:80,2
DA:83,2
DA:84,2
DA:87,0
DA:91,0
DA:92,0
DA:94,0
DA:95,0
DA:100,0
DA:102,0
DA:105,0
DA:108,0
DA:112,1
DA:113,4
DA:114,1
DA:115,1
DA:116,1
DA:122,3
DA:123,2
DA:124,2
LF:49
LH:21
end_of_record
TN:
SF:lib/view.dart
FNF:0
FNH:0
DA:7,2
DA:20,0
DA:22,0
DA:23,0
DA:24,0
DA:25,0
DA:26,0
DA:27,0
LF:8
LH:1
end_of_record
TN:
SF:lib/views/adaptive_view/adaptable_view_with_list.dart
FNF:0
FNH:0
DA:20,1
DA:75,1
DA:76,1
DA:84,1
DA:86,1
DA:89,3
DA:90,1
DA:91,1
DA:92,3
DA:93,1
DA:97,3
DA:100,1
DA:102,2
DA:103,3
DA:104,1
DA:107,1
DA:109,2
DA:110,1
DA:111,2
DA:112,2
DA:113,2
DA:114,2
DA:119,1
DA:121,1
DA:122,1
DA:123,2
DA:125,1
DA:126,1
DA:128,1
DA:129,1
DA:130,2
DA:132,1
DA:137,1
DA:138,1
DA:140,1
DA:141,1
DA:142,5
DA:152,1
DA:153,1
DA:154,1
DA:156,2
DA:159,1
DA:160,1
DA:162,2
DA:163,2
DA:164,2
DA:165,2
DA:166,2
DA:167,2
DA:172,2
DA:173,2
DA:174,2
DA:177,2
DA:178,2
DA:179,2
DA:180,2
DA:181,0
DA:188,1
DA:196,1
DA:198,0
DA:202,1
DA:203,2
DA:204,5
DA:205,7
DA:207,5
DA:208,5
DA:212,0
DA:213,0
DA:215,0
DA:216,0
DA:221,0
DA:222,0
DA:223,0
DA:230,1
DA:231,2
DA:233,7
DA:237,0
DA:238,0
DA:239,0
DA:241,0
LF:80
LH:67
end_of_record
TN:
SF:lib/views/adaptive_view/view_money_objects.dart
FNF:0
FNH:0
DA:41,1
DA:45,0
DA:46,0
DA:98,1
DA:100,1
DA:101,1
DA:102,2
DA:105,1
DA:107,1
DA:109,1
DA:110,2
DA:111,1
DA:112,10
DA:115,2
DA:116,0
DA:119,2
DA:120,1
DA:123,1
DA:125,1
DA:126,1
DA:127,2
DA:128,1
DA:129,1
DA:130,1
DA:131,1
DA:132,1
DA:133,1
DA:134,1
DA:135,1
DA:136,1
DA:137,1
DA:138,5
DA:139,5
DA:140,1
DA:142,1
DA:143,2
DA:144,1
DA:145,1
DA:146,3
DA:148,2
DA:149,1
DA:150,2
DA:151,2
DA:154,1
DA:157,1
DA:160,1
DA:161,2
DA:162,0
DA:163,0
DA:164,0
DA:169,1
DA:176,1
DA:177,4
DA:184,1
DA:186,1
DA:187,1
DA:188,1
DA:189,1
DA:190,1
DA:191,2
DA:192,2
DA:193,1
DA:194,2
DA:201,1
DA:202,5
DA:203,1
DA:204,2
DA:205,1
DA:206,1
DA:208,1
DA:209,1
DA:210,1
DA:211,1
DA:212,1
DA:213,1
DA:214,0
DA:216,0
DA:217,0
DA:221,0
DA:222,0
DA:224,0
DA:225,0
DA:226,0
DA:227,0
DA:228,0
DA:230,0
DA:231,0
DA:235,0
DA:236,0
DA:243,1
DA:244,4
DA:247,1
DA:248,3
DA:249,1
DA:252,1
DA:253,2
DA:256,3
DA:257,1
DA:260,3
DA:261,1
DA:264,3
DA:265,1
DA:266,1
DA:271,3
DA:272,1
DA:278,2
DA:279,1
DA:281,2
DA:284,0
DA:288,2
DA:291,2
DA:292,1
DA:295,1
DA:296,2
DA:298,2
DA:299,3
DA:300,1
DA:301,1
DA:302,3
DA:304,3
DA:307,1
DA:308,2
DA:310,3
DA:315,1
DA:316,2
DA:317,1
DA:318,3
DA:320,1
DA:323,1
DA:324,3
DA:326,1
DA:330,1
DA:331,1
DA:332,3
DA:334,3
DA:338,1
DA:339,3
DA:340,1
DA:341,3
DA:342,2
DA:343,3
DA:348,2
DA:349,3
DA:356,1
DA:357,1
DA:358,1
DA:359,1
DA:360,2
DA:361,2
DA:362,0
DA:364,0
DA:367,1
DA:368,3
DA:370,1
DA:372,2
DA:373,3
DA:378,2
DA:379,0
DA:394,1
DA:395,1
DA:399,3
DA:401,1
DA:402,3
DA:406,1
DA:407,1
DA:408,1
DA:417,3
DA:419,1
DA:420,2
DA:421,1
DA:422,6
DA:423,1
DA:424,2
DA:431,1
DA:432,2
DA:433,1
DA:434,1
DA:435,3
DA:441,3
DA:449,0
DA:454,0
DA:461,1
DA:462,2
DA:465,0
DA:471,1
DA:480,1
DA:485,0
DA:490,0
DA:491,0
DA:494,1
DA:495,3
DA:496,3
DA:498,2
DA:499,3
DA:506,1
DA:509,2
DA:512,0
DA:516,0
DA:519,1
DA:520,2
DA:523,1
DA:526,1
DA:527,0
DA:530,1
DA:531,1
DA:532,1
DA:533,3
DA:535,1
DA:538,0
DA:543,0
DA:546,1
DA:547,1
DA:548,2
DA:551,0
DA:554,1
DA:555,2
DA:556,2
DA:557,1
DA:561,0
DA:562,0
DA:563,0
DA:566,0
DA:569,0
DA:570,0
DA:573,0
DA:574,0
DA:577,1
DA:581,2
DA:582,0
DA:583,0
DA:587,1
DA:588,1
DA:589,1
DA:596,1
DA:597,3
DA:598,1
DA:599,1
DA:601,1
DA:602,1
DA:607,1
DA:608,3
DA:612,1
DA:616,1
DA:617,2
DA:618,3
DA:619,1
DA:621,1
DA:625,0
DA:629,0
DA:630,0
DA:631,0
DA:632,0
DA:634,0
DA:636,0
DA:637,0
DA:642,0
DA:646,0
DA:647,0
DA:648,0
DA:649,0
DA:651,0
DA:653,0
DA:654,0
DA:659,1
DA:663,1
DA:664,2
DA:665,2
DA:666,1
DA:668,1
DA:669,1
DA:673,1
DA:674,1
DA:676,2
DA:678,1
DA:679,1
DA:685,1
DA:686,1
DA:687,1
DA:688,2
DA:692,1
DA:693,1
DA:694,1
DA:695,1
DA:696,1
DA:700,1
DA:702,2
DA:704,1
DA:705,1
DA:707,0
DA:709,0
DA:710,0
DA:711,0
DA:715,0
DA:716,0
DA:721,1
DA:723,0
DA:725,0
DA:726,0
DA:727,0
DA:731,0
DA:732,0
DA:737,1
DA:739,2
DA:741,2
DA:742,2
DA:743,1
DA:747,1
DA:748,1
DA:756,2
DA:758,2
DA:759,0
DA:760,0
DA:763,2
DA:766,2
DA:767,2
DA:768,1
DA:772,1
DA:773,1
DA:774,2
DA:779,1
DA:780,1
DA:781,2
DA:783,1
DA:784,1
DA:786,1
DA:787,3
DA:788,2
DA:789,1
DA:791,2
DA:792,1
DA:793,2
DA:797,4
DA:799,0
DA:802,2
DA:803,1
DA:804,1
DA:810,1
DA:812,2
DA:820,1
DA:822,2
DA:823,1
DA:824,1
DA:826,2
DA:827,1
DA:828,1
DA:830,2
DA:831,1
DA:832,2
DA:834,2
DA:835,1
DA:836,1
DA:838,2
DA:839,1
DA:840,2
DA:844,1
DA:846,2
DA:848,2
DA:850,3
DA:852,3
DA:854,3
DA:859,2
DA:860,1
DA:861,1
DA:866,1
DA:867,2
DA:868,1
DA:869,2
DA:870,1
DA:871,1
DA:875,1
DA:876,3
DA:879,1
DA:880,1
DA:881,2
DA:882,3
DA:884,2
DA:885,0
DA:886,0
DA:887,0
DA:892,1
DA:893,1
DA:896,1
DA:897,1
DA:899,1
DA:900,3
DA:901,1
DA:902,2
DA:903,1
DA:904,1
DA:905,1
DA:907,1
DA:908,1
DA:909,1
DA:910,2
DA:911,1
DA:914,1
DA:915,1
DA:917,1
DA:932,1
DA:933,1
DA:934,1
DA:935,1
DA:936,1
DA:937,1
DA:938,1
DA:939,1
DA:945,0
DA:946,0
DA:947,0
DA:948,0
DA:954,1
DA:955,2
DA:956,2
DA:958,2
DA:960,1
DA:964,1
DA:968,1
DA:969,2
DA:970,2
DA:971,1
DA:972,2
DA:976,0
DA:977,0
DA:978,0
DA:980,0
DA:981,0
DA:982,0
DA:983,0
DA:990,0
DA:994,0
DA:995,0
DA:997,0
DA:998,0
DA:999,0
DA:1005,1
DA:1009,1
DA:1010,0
DA:1014,1
DA:1015,1
DA:1017,1
DA:1019,1
DA:1024,2
DA:1026,1
DA:1027,2
DA:1028,1
DA:1029,2
DA:1034,0
DA:1035,0
DA:1036,0
DA:1037,0
DA:1041,1
DA:1047,1
DA:1048,2
DA:1053,1
DA:1054,1
DA:1055,2
DA:1057,1
DA:1058,2
DA:1063,1
DA:1067,1
DA:1068,1
DA:1069,1
DA:1070,3
LF:463
LH:361
end_of_record
TN:
SF:lib/views/data/accounts.dart
FNF:0
FNH:0
DA:25,8
DA:26,8
DA:29,1
DA:31,1
DA:34,3
DA:37,4
DA:38,2
DA:39,4
DA:40,2
DA:41,2
DA:60,12
DA:61,6
DA:64,4
DA:65,3
DA:67,6
DA:68,1
DA:71,3
DA:72,5
DA:74,3
DA:78,4
DA:79,3
DA:81,1
DA:86,4
DA:87,3
DA:89,1
DA:93,2
DA:94,2
DA:95,6
DA:96,4
DA:104,3
DA:105,3
DA:106,1
DA:107,3
DA:108,3
DA:109,3
DA:111,3
DA:113,3
DA:115,4
DA:116,1
DA:120,7
DA:124,1
DA:125,1
DA:127,1
DA:128,1
DA:129,1
DA:130,2
DA:132,3
DA:134,3
DA:135,4
DA:137,4
DA:138,5
DA:146,3
DA:147,3
DA:148,4
DA:150,3
DA:151,4
DA:152,2
DA:154,4
DA:155,6
DA:161,6
DA:162,4
DA:163,1
DA:164,1
DA:168,3
DA:170,6
DA:173,1
DA:177,3
DA:178,1
DA:184,2
DA:185,1
DA:188,0
DA:189,0
DA:192,1
DA:196,1
DA:198,0
DA:200,0
DA:204,1
DA:205,2
DA:206,1
DA:208,1
DA:212,1
DA:213,2
DA:214,3
DA:218,1
DA:224,1
DA:225,1
DA:227,3
DA:231,2
DA:239,2
DA:243,5
DA:244,3
DA:245,0
DA:249,1
DA:250,3
DA:251,4
DA:255,1
DA:256,1
DA:257,1
DA:258,1
DA:259,4
DA:261,1
DA:262,1
DA:263,6
DA:268,1
DA:269,2
DA:270,1
DA:271,1
DA:273,2
DA:274,1
DA:280,0
DA:283,1
DA:284,1
DA:286,1
DA:288,2
DA:291,2
DA:292,8
DA:295,0
DA:296,0
DA:297,0
DA:298,0
DA:300,0
DA:303,1
DA:306,2
DA:307,1
DA:308,5
DA:314,1
DA:315,4
DA:316,5
DA:320,1
DA:321,1
DA:326,1
DA:330,4
DA:331,6
DA:334,2
DA:335,3
DA:336,2
DA:339,2
DA:340,3
DA:345,0
DA:346,0
DA:347,0
DA:348,0
DA:353,0
DA:354,0
DA:355,0
DA:356,0
DA:360,0
DA:362,0
DA:363,0
DA:368,0
DA:369,0
DA:370,0
DA:371,0
DA:375,1
DA:376,2
DA:377,1
DA:378,1
DA:379,5
DA:381,1
DA:383,1
DA:384,2
DA:389,2
DA:390,4
DA:391,1
DA:392,2
DA:395,2
DA:397,2
DA:398,1
DA:399,4
DA:402,3
DA:405,1
DA:407,1
DA:409,4
DA:415,4
DA:416,2
DA:417,5
LF:176
LH:150
end_of_record
TN:
SF:lib/views/data/alias.dart
FNF:0
FNH:0
DA:14,1
DA:20,2
DA:21,2
DA:22,2
DA:23,2
DA:27,1
DA:28,1
DA:29,2
DA:30,1
DA:31,1
DA:32,2
DA:44,3
DA:45,3
DA:51,2
DA:60,3
DA:61,3
DA:62,3
DA:73,3
DA:74,3
DA:81,1
DA:83,1
DA:84,2
DA:85,2
DA:86,3
DA:91,1
DA:92,2
DA:94,1
DA:96,2
DA:99,1
DA:100,2
DA:102,1
DA:103,2
DA:105,3
DA:106,3
DA:108,1
DA:109,2
DA:110,2
DA:111,3
DA:112,1
DA:113,1
DA:114,1
DA:115,1
DA:118,1
DA:121,1
DA:122,2
DA:124,2
DA:125,3
DA:126,1
DA:127,1
DA:128,1
DA:133,1
DA:136,1
DA:137,2
DA:139,4
DA:140,2
DA:145,4
DA:152,1
DA:154,5
DA:155,6
DA:157,1
DA:160,1
DA:161,3
LF:62
LH:62
end_of_record
TN:
SF:lib/views/data/aliases.dart
FNF:0
FNH:0
DA:9,8
DA:10,8
DA:13,1
DA:15,1
DA:18,3
DA:20,6
DA:23,1
DA:24,2
DA:25,2
DA:27,0
DA:30,1
DA:34,1
DA:35,3
LF:13
LH:12
end_of_record
TN:
SF:lib/views/data/budget.dart
FNF:0
FNH:0
DA:6,1
DA:26,1
DA:46,1
DA:50,1
DA:53,5
DA:55,3
DA:56,3
DA:60,1
DA:63,1
DA:67,5
DA:69,1
DA:70,4
DA:72,5
DA:73,1
DA:76,2
DA:77,5
DA:78,7
DA:79,3
DA:85,1
DA:86,5
DA:87,5
DA:89,1
DA:92,1
DA:96,1
DA:97,2
DA:99,1
DA:100,2
DA:103,1
DA:104,1
DA:105,1
DA:110,1
DA:111,2
DA:112,1
DA:113,1
DA:114,2
DA:121,1
DA:122,1
DA:125,1
DA:127,5
DA:129,2
DA:132,1
DA:136,1
DA:137,2
DA:138,6
DA:142,2
DA:146,1
DA:147,1
DA:151,1
DA:155,1
DA:157,1
DA:166,1
DA:170,1
DA:175,1
DA:177,5
DA:181,1
DA:184,1
DA:192,1
DA:193,1
DA:195,1
DA:196,0
DA:198,1
DA:199,0
DA:201,1
DA:202,3
DA:204,1
DA:206,1
DA:213,1
DA:214,1
DA:216,2
DA:217,1
DA:218,3
DA:219,3
DA:223,6
DA:229,1
DA:230,9
DA:233,1
DA:237,1
DA:238,1
DA:239,3
DA:241,1
DA:248,2
DA:249,1
DA:250,1
DA:252,1
DA:253,3
DA:254,1
DA:258,2
DA:261,1
DA:262,1
DA:267,1
DA:268,6
DA:272,1
DA:273,3
DA:274,3
DA:275,5
DA:276,1
DA:277,1
DA:280,1
DA:285,5
DA:289,1
DA:291,4
DA:292,1
DA:293,1
DA:294,1
DA:297,2
DA:302,1
DA:305,2
DA:309,0
DA:313,0
LF:109
LH:105
end_of_record
TN:
SF:lib/views/data/categories.dart
FNF:0
FNH:0
DA:15,8
DA:16,8
DA:21,1
DA:23,1
DA:26,3
DA:29,4
DA:30,2
DA:31,3
DA:33,2
DA:34,3
DA:38,10
DA:39,3
DA:41,3
DA:42,6
DA:43,3
DA:44,6
DA:46,1
DA:47,1
DA:48,2
DA:49,3
DA:50,5
DA:56,3
DA:58,6
DA:61,3
DA:62,1
DA:63,1
DA:71,1
DA:79,5
DA:83,3
DA:85,1
DA:86,1
DA:90,3
DA:93,1
DA:95,1
DA:97,1
DA:103,2
DA:107,1
DA:108,1
DA:116,3
DA:121,3
DA:127,3
DA:128,3
DA:134,3
DA:138,3
DA:142,3
DA:144,3
DA:147,6
DA:148,6
DA:152,2
DA:154,3
DA:159,3
DA:160,3
DA:165,3
DA:167,3
DA:170,1
DA:171,5
DA:174,1
DA:175,5
DA:178,3
DA:179,6
DA:180,12
DA:184,1
DA:185,6
DA:188,1
DA:189,1
DA:190,2
DA:191,3
DA:192,0
DA:198,1
DA:199,2
DA:203,2
DA:204,1
DA:207,2
DA:210,1
DA:211,2
DA:212,1
DA:213,6
DA:218,1
DA:219,2
DA:223,2
DA:226,2
DA:229,3
DA:230,3
DA:233,3
DA:235,3
DA:236,0
DA:243,1
DA:244,4
DA:247,3
DA:251,1
DA:254,1
DA:255,1
DA:256,1
DA:257,1
DA:262,1
DA:263,1
DA:264,1
DA:265,1
DA:268,1
DA:269,0
DA:274,2
DA:275,2
DA:278,2
DA:279,2
DA:282,3
DA:283,3
DA:286,2
DA:287,2
DA:290,2
DA:291,2
DA:294,2
DA:295,2
DA:298,2
DA:299,2
DA:302,2
DA:303,2
DA:309,2
DA:310,2
DA:313,0
DA:314,0
DA:317,2
DA:318,2
DA:321,2
DA:322,2
DA:325,2
DA:326,2
DA:329,0
DA:330,0
DA:336,2
DA:337,2
DA:340,2
DA:341,2
DA:344,3
DA:346,0
DA:348,0
DA:352,0
DA:353,0
DA:355,0
DA:356,0
DA:357,0
DA:359,0
DA:363,0
DA:366,2
DA:367,2
DA:370,2
DA:371,2
DA:374,1
DA:376,1
DA:377,2
DA:379,1
DA:382,1
DA:383,2
DA:386,1
DA:387,1
DA:390,2
DA:391,2
DA:394,2
DA:395,2
DA:398,2
DA:399,2
DA:402,2
DA:403,2
LF:162
LH:146
end_of_record
TN:
SF:lib/views/data/category.dart
FNF:0
FNH:0
DA:24,3
DA:36,6
DA:37,6
DA:38,6
DA:39,6
DA:40,6
DA:41,6
DA:42,9
DA:43,9
DA:44,6
DA:45,6
DA:48,1
DA:49,1
DA:50,2
DA:51,2
DA:52,1
DA:53,1
DA:54,2
DA:55,2
DA:56,1
DA:57,1
DA:58,1
DA:59,1
DA:68,3
DA:69,4
DA:70,0
DA:71,0
DA:79,3
DA:80,0
DA:81,0
DA:92,2
DA:93,3
DA:94,0
DA:95,0
DA:98,1
DA:102,1
DA:103,2
DA:104,0
DA:105,0
DA:106,0
DA:111,0
DA:115,0
DA:116,0
DA:117,0
DA:128,3
DA:129,3
DA:130,0
DA:131,0
DA:138,0
DA:144,2
DA:157,1
DA:158,5
DA:168,4
DA:169,3
DA:170,0
DA:171,0
DA:172,0
DA:173,0
DA:182,3
DA:183,3
DA:189,3
DA:195,3
DA:202,0
DA:209,3
DA:216,3
DA:227,2
DA:228,4
DA:229,0
DA:230,0
DA:233,1
DA:238,1
DA:239,2
DA:240,0
DA:241,0
DA:242,0
DA:248,1
DA:253,4
DA:254,2
DA:257,0
DA:258,0
DA:261,1
DA:264,1
DA:265,2
DA:268,1
DA:269,1
DA:270,2
DA:271,1
DA:272,1
DA:279,1
DA:280,2
DA:282,1
DA:284,2
DA:287,3
DA:288,6
DA:290,3
DA:291,6
DA:293,3
DA:295,1
DA:296,2
DA:297,2
DA:298,3
DA:299,1
DA:300,1
DA:301,1
DA:302,1
DA:303,1
DA:304,1
DA:305,1
DA:306,1
DA:307,1
DA:308,1
DA:309,1
DA:310,1
DA:311,1
DA:312,1
DA:313,1
DA:316,1
DA:319,1
DA:320,2
DA:321,3
DA:322,1
DA:323,1
DA:324,1
DA:325,1
DA:326,1
DA:327,1
DA:328,1
DA:329,1
DA:330,1
DA:331,1
DA:332,1
DA:336,1
DA:337,1
DA:338,2
DA:339,2
DA:343,1
DA:344,3
DA:345,4
DA:348,1
DA:349,3
DA:353,1
DA:356,1
DA:357,1
DA:358,1
DA:359,1
DA:360,1
DA:361,2
DA:366,1
DA:367,1
DA:368,1
DA:371,1
DA:372,1
DA:373,3
DA:375,1
DA:377,1
DA:378,1
DA:379,7
DA:380,0
DA:385,1
DA:386,3
DA:389,2
DA:390,4
DA:391,1
DA:392,1
DA:397,1
DA:398,2
DA:401,1
DA:402,3
DA:405,0
DA:406,0
DA:407,0
DA:412,2
DA:413,6
DA:416,7
DA:418,7
DA:420,4
DA:425,0
DA:426,0
DA:432,1
DA:433,2
DA:436,1
DA:437,5
DA:443,0
DA:444,0
DA:448,0
DA:449,0
DA:450,0
DA:460,1
DA:469,1
DA:470,1
DA:474,2
DA:475,2
DA:478,1
DA:481,1
DA:483,1
DA:484,1
DA:485,1
DA:486,1
DA:487,0
DA:488,0
DA:489,0
DA:490,0
DA:495,1
DA:496,1
DA:497,1
DA:498,1
DA:499,1
DA:501,0
DA:502,0
DA:503,0
DA:507,0
LF:211
LH:164
end_of_record
TN:
SF:lib/views/data/data.dart
FNF:0
FNH:0
DA:45,8
DA:46,8
DA:50,8
DA:51,16
DA:52,8
DA:53,8
DA:54,8
DA:55,8
DA:56,8
DA:57,8
DA:58,8
DA:59,8
DA:60,8
DA:62,8
DA:64,8
DA:65,8
DA:66,8
DA:68,8
DA:70,8
DA:71,8
DA:72,8
DA:75,8
DA:76,16
DA:77,8
DA:78,16
DA:79,16
DA:136,24
DA:138,3
DA:139,3
DA:140,3
DA:141,0
DA:143,0
DA:144,0
DA:152,0
DA:153,0
DA:154,0
DA:157,2
DA:158,4
DA:159,2
DA:163,0
DA:193,1
DA:194,1
DA:196,2
DA:197,2
DA:200,1
DA:201,2
DA:202,1
DA:208,1
DA:211,3
DA:213,3
DA:214,6
DA:215,3
DA:216,0
DA:221,0
DA:222,0
DA:223,0
DA:226,0
DA:227,0
DA:228,0
DA:229,0
DA:234,1
DA:235,1
DA:237,2
DA:238,1
DA:241,1
DA:242,1
DA:243,2
DA:244,2
DA:247,1
DA:253,1
DA:254,2
DA:255,1
DA:258,1
DA:262,4
DA:263,0
DA:267,5
DA:271,2
DA:272,1
DA:273,1
DA:274,3
DA:275,3
DA:284,1
DA:285,1
DA:286,2
DA:290,3
DA:291,4
DA:292,4
DA:293,4
DA:294,4
DA:326,1
DA:328,1
DA:329,1
DA:331,1
DA:333,1
DA:335,1
DA:336,1
DA:337,1
DA:339,3
DA:341,0
DA:343,0
DA:344,0
DA:347,0
DA:349,0
DA:354,0
DA:355,0
DA:360,1
DA:366,0
DA:373,0
DA:375,0
DA:379,0
DA:380,0
DA:381,0
DA:383,0
DA:385,0
DA:390,0
DA:397,1
DA:401,1
DA:409,4
DA:411,1
DA:419,0
DA:428,1
DA:430,5
DA:431,4
DA:432,1
DA:434,3
DA:436,2
DA:441,0
DA:449,5
DA:450,3
DA:451,1
DA:458,4
DA:464,4
DA:465,4
DA:466,8
DA:467,2
DA:469,2
DA:470,1
DA:471,2
DA:473,2
DA:475,2
DA:476,4
DA:478,6
DA:480,2
DA:481,4
DA:487,2
DA:492,3
DA:493,6
DA:494,3
DA:498,3
DA:501,0
DA:502,0
DA:503,0
DA:530,2
DA:531,2
DA:532,4
DA:535,1
DA:541,1
DA:544,2
DA:556,1
DA:561,1
DA:563,0
DA:565,1
DA:567,1
DA:569,2
DA:570,1
DA:572,3
DA:573,3
DA:574,3
DA:575,3
DA:576,3
DA:577,3
DA:578,2
DA:579,1
DA:581,3
DA:582,2
DA:583,1
DA:585,3
DA:586,3
DA:587,3
DA:590,1
DA:591,3
DA:594,3
DA:595,2
DA:596,1
DA:599,3
DA:602,1
DA:608,1
DA:613,1
DA:614,2
DA:617,2
DA:618,2
DA:619,2
DA:620,2
DA:621,2
DA:622,2
DA:623,2
DA:624,2
DA:625,2
DA:626,2
DA:627,2
DA:628,2
DA:629,2
DA:631,1
DA:633,0
DA:644,2
DA:646,2
DA:647,2
DA:648,2
DA:650,1
DA:652,0
DA:656,1
DA:665,1
DA:671,1
DA:672,2
DA:674,0
DA:675,0
DA:676,0
DA:678,1
DA:681,2
DA:683,4
DA:684,2
DA:685,2
DA:687,6
DA:690,2
DA:691,4
DA:692,2
DA:694,2
DA:695,4
DA:696,2
DA:698,2
DA:699,4
DA:700,2
DA:702,2
DA:703,4
DA:704,2
DA:706,2
DA:707,4
DA:708,2
DA:710,2
DA:711,4
DA:712,2
DA:714,2
DA:715,4
DA:716,2
DA:718,2
DA:719,4
DA:720,2
DA:722,2
DA:723,4
DA:724,2
DA:726,2
DA:727,4
DA:728,2
DA:730,2
DA:731,4
DA:732,2
DA:734,2
DA:735,4
DA:736,2
DA:738,2
DA:739,4
DA:740,2
DA:742,2
DA:743,4
DA:744,2
DA:746,2
DA:747,4
DA:748,2
DA:750,2
DA:751,4
DA:752,2
DA:759,2
DA:761,2
DA:762,2
DA:764,2
DA:767,0
DA:772,1
DA:773,2
DA:774,1
DA:775,0
DA:779,1
DA:783,1
DA:786,1
DA:788,1
DA:792,3
DA:794,3
DA:797,3
DA:799,6
DA:803,3
DA:804,9
DA:805,9
DA:806,9
DA:807,9
DA:808,9
DA:809,9
DA:810,9
DA:811,9
DA:812,9
DA:813,9
DA:814,9
DA:815,9
DA:816,9
DA:817,9
DA:818,9
DA:819,3
DA:822,6
DA:824,9
DA:827,3
DA:832,3
DA:833,9
LF:310
LH:265
end_of_record
TN:
SF:lib/views/data/data_controller.dart
FNF:0
FNH:0
DA:27,4
DA:28,4
DA:29,4
DA:30,4
DA:31,4
DA:32,4
DA:44,1
DA:45,2
DA:46,1
DA:47,2
DA:48,2
DA:51,1
DA:52,2
DA:53,2
DA:56,0
DA:57,0
DA:60,1
DA:61,6
DA:62,0
DA:63,0
DA:64,0
DA:70,0
DA:72,4
DA:74,1
DA:75,2
DA:76,1
DA:77,2
DA:80,1
DA:81,1
DA:83,2
DA:86,2
DA:87,3
DA:88,1
DA:90,2
DA:91,2
DA:94,2
DA:98,1
DA:99,1
DA:103,0
DA:105,0
DA:107,0
DA:108,0
DA:112,0
DA:114,0
DA:115,0
DA:120,0
DA:124,1
DA:125,1
DA:127,3
DA:130,2
DA:132,1
DA:138,0
DA:153,0
DA:156,0
DA:158,0
DA:162,0
DA:168,0
DA:169,0
DA:173,0
DA:175,0
DA:177,0
DA:180,0
DA:181,0
DA:182,0
DA:183,0
DA:186,0
DA:187,0
DA:191,0
DA:195,0
DA:196,0
DA:202,1
DA:203,2
DA:205,1
DA:207,2
DA:210,1
DA:211,2
DA:213,1
DA:215,0
DA:218,2
DA:220,1
DA:222,2
DA:224,0
DA:229,2
DA:233,0
DA:234,0
DA:235,0
DA:238,1
DA:239,2
DA:240,2
DA:243,3
LF:90
LH:52
end_of_record
TN:
SF:lib/views/data/data_simulator.dart
FNF:0
FNH:0
DA:67,1
DA:68,2
DA:70,1
DA:71,1
DA:72,1
DA:73,1
DA:74,1
DA:75,1
DA:76,1
DA:77,1
DA:79,1
DA:80,1
DA:81,1
DA:82,1
DA:83,1
DA:85,1
DA:86,1
DA:88,1
DA:89,1
DA:90,1
DA:93,1
DA:99,1
DA:101,1
DA:102,3
DA:104,1
DA:105,1
DA:106,2
DA:109,1
DA:114,1
DA:118,1
DA:120,1
DA:121,3
DA:123,4
DA:126,2
DA:127,2
DA:128,2
DA:129,1
DA:136,0
DA:137,0
DA:138,0
DA:141,0
DA:142,0
DA:143,0
DA:144,0
DA:146,0
DA:152,1
DA:161,3
DA:163,2
DA:164,2
DA:165,1
DA:167,1
DA:168,1
DA:169,1
DA:177,1
DA:178,5
DA:179,1
DA:182,1
DA:183,1
DA:184,1
DA:188,1
DA:189,4
DA:190,5
DA:191,1
DA:192,1
DA:193,1
DA:195,1
DA:198,1
DA:199,3
DA:200,1
DA:203,1
DA:204,1
DA:205,1
DA:206,2
DA:207,1
DA:208,1
DA:209,1
DA:213,1
DA:221,1
DA:222,1
DA:224,3
DA:226,1
DA:228,2
DA:230,3
DA:232,1
DA:236,1
DA:237,2
DA:239,6
DA:242,3
DA:243,1
DA:244,1
DA:245,1
DA:249,1
DA:255,1
DA:262,2
DA:269,2
DA:270,3
DA:272,0
DA:278,1
DA:289,3
DA:290,1
DA:293,1
DA:294,1
DA:297,1
DA:298,1
DA:299,2
DA:307,1
DA:309,3
DA:314,1
DA:315,1
DA:316,1
DA:319,1
DA:323,1
DA:327,2
DA:328,1
DA:332,1
DA:336,1
DA:337,1
DA:339,1
DA:340,2
DA:346,1
DA:354,1
DA:362,2
DA:367,1
DA:373,1
DA:374,3
DA:375,2
DA:382,3
DA:383,2
DA:393,1
DA:394,2
DA:395,1
DA:398,1
DA:403,2
DA:404,1
DA:407,1
DA:412,1
DA:413,1
DA:414,2
DA:416,4
DA:417,2
DA:418,1
DA:423,1
DA:427,2
DA:428,1
DA:431,1
DA:435,2
DA:436,1
DA:439,1
DA:442,2
DA:443,1
DA:446,1
DA:451,3
DA:452,1
DA:453,1
DA:460,5
DA:461,1
DA:462,1
DA:463,5
DA:464,1
DA:465,1
DA:469,1
DA:470,3
DA:471,3
DA:474,3
DA:475,3
DA:478,3
DA:479,1
DA:480,1
DA:483,1
DA:490,1
DA:492,3
DA:493,3
DA:494,3
DA:495,3
DA:496,3
DA:497,3
DA:498,3
DA:501,3
DA:502,3
DA:503,3
DA:504,3
DA:505,3
DA:506,3
DA:507,3
DA:508,3
DA:509,3
DA:510,3
DA:511,3
DA:512,3
DA:513,3
DA:517,4
DA:522,4
DA:523,4
DA:524,2
DA:529,3
DA:530,2
DA:536,4
DA:537,2
DA:542,4
DA:543,2
DA:548,4
DA:549,2
DA:557,4
DA:563,4
DA:564,2
DA:569,4
DA:570,2
DA:578,4
DA:584,4
DA:585,2
DA:590,4
DA:591,2
DA:596,4
DA:597,2
DA:605,4
DA:606,2
DA:613,4
DA:614,2
DA:617,4
DA:619,4
DA:620,2
DA:627,3
DA:634,4
DA:638,3
DA:646,3
DA:655,3
DA:662,4
DA:663,1
DA:668,4
DA:673,4
DA:679,3
DA:686,3
DA:694,3
DA:699,3
DA:700,3
DA:701,3
DA:706,1
DA:707,1
DA:708,1
DA:709,1
DA:716,1
DA:717,1
DA:724,1
DA:725,1
DA:732,1
DA:733,1
DA:740,1
DA:741,1
DA:745,1
DA:749,2
DA:750,4
DA:754,1
DA:755,3
DA:757,3
DA:759,4
DA:760,1
DA:763,1
DA:768,1
DA:771,1
DA:777,1
DA:780,1
DA:785,1
DA:793,1
DA:796,1
DA:801,1
DA:804,1
DA:814,1
DA:815,1
DA:820,1
DA:821,1
DA:823,1
DA:829,1
DA:830,1
DA:832,1
DA:839,1
DA:840,1
DA:842,1
DA:849,1
DA:850,1
DA:852,1
DA:861,1
DA:862,1
DA:864,1
DA:871,1
DA:872,1
DA:874,1
DA:883,1
DA:885,1
DA:891,1
DA:892,1
DA:893,1
DA:894,2
DA:895,3
DA:896,1
DA:900,1
DA:906,2
DA:907,1
DA:911,1
DA:912,1
DA:913,1
DA:914,1
DA:922,1
DA:924,3
DA:925,1
DA:926,1
DA:927,2
DA:929,1
DA:936,1
DA:937,1
DA:939,4
DA:947,1
DA:949,4
DA:950,1
DA:951,1
DA:955,3
DA:956,2
DA:961,1
DA:962,4
DA:963,1
DA:964,1
DA:965,1
DA:966,1
DA:971,1
DA:972,4
DA:973,1
DA:977,4
DA:978,4
DA:979,4
DA:980,4
DA:981,4
DA:986,4
DA:987,1
DA:994,1
DA:1005,1
DA:1006,3
DA:1007,1
DA:1008,1
DA:1014,1
DA:1016,1
DA:1019,3
DA:1020,1
DA:1021,1
DA:1027,1
DA:1029,1
DA:1033,3
DA:1034,2
DA:1036,1
DA:1044,1
DA:1045,2
DA:1046,4
DA:1050,1
DA:1051,1
DA:1053,1
DA:1054,2
DA:1055,1
DA:1056,2
DA:1061,1
DA:1062,1
DA:1064,1
DA:1065,2
DA:1066,1
DA:1067,2
DA:1072,1
DA:1073,1
DA:1075,1
DA:1077,1
DA:1078,2
DA:1083,1
DA:1084,1
DA:1086,1
DA:1088,1
DA:1089,2
DA:1095,1
DA:1096,2
DA:1097,1
DA:1098,1
DA:1100,1
DA:1102,1
DA:1103,2
DA:1108,2
DA:1111,1
DA:1112,1
DA:1114,1
DA:1115,1
DA:1116,1
DA:1117,2
DA:1123,1
DA:1124,4
DA:1125,1
DA:1127,1
DA:1131,1
DA:1133,1
DA:1141,1
DA:1142,1
DA:1143,1
DA:1147,2
DA:1148,1
DA:1149,1
DA:1150,1
DA:1151,1
DA:1152,1
DA:1153,1
DA:1154,1
DA:1157,1
DA:1158,1
DA:1159,1
DA:1160,1
DA:1161,1
DA:1162,1
DA:1165,1
DA:1166,1
DA:1167,1
DA:1168,1
DA:1169,1
DA:1170,1
DA:1173,1
DA:1175,1
DA:1177,2
DA:1178,2
DA:1180,1
DA:1181,1
DA:1183,5
DA:1184,1
DA:1186,2
DA:1188,1
DA:1190,2
DA:1191,3
DA:1196,1
DA:1197,1
DA:1198,1
DA:1202,4
DA:1204,1
DA:1205,2
DA:1207,1
DA:1209,3
DA:1210,3
DA:1214,2
DA:1215,2
DA:1216,1
DA:1218,2
DA:1220,1
DA:1221,2
DA:1225,2
DA:1227,1
DA:1228,1
DA:1230,1
DA:1231,2
DA:1232,1
DA:1235,1
DA:1237,1
DA:1239,1
DA:1240,1
DA:1242,1
DA:1243,2
DA:1249,1
DA:1250,1
DA:1252,1
DA:1253,2
DA:1254,1
DA:1258,2
DA:1259,1
DA:1260,1
DA:1261,1
DA:1262,1
DA:1263,2
DA:1273,1
DA:1276,5
DA:1278,1
DA:1279,6
DA:1281,4
DA:1283,2
DA:1284,5
DA:1285,1
DA:1286,1
DA:1287,1
DA:1288,3
DA:1293,3
DA:1295,4
DA:1300,1
DA:1301,3
DA:1302,3
DA:1304,1
DA:1305,1
DA:1309,3
DA:1315,2
DA:1316,1
DA:1317,1
DA:1318,1
DA:1320,1
DA:1321,4
DA:1322,1
DA:1323,2
DA:1326,1
DA:1328,2
DA:1331,1
DA:1332,1
DA:1334,1
DA:1335,4
DA:1336,1
DA:1337,2
DA:1340,1
DA:1341,1
DA:1342,2
DA:1343,1
DA:1344,2
DA:1345,1
DA:1346,1
DA:1351,3
DA:1353,1
DA:1354,1
DA:1356,1
DA:1357,2
DA:1358,1
DA:1359,1
DA:1364,3
DA:1372,1
DA:1373,2
DA:1374,2
LF:518
LH:509
end_of_record
TN:
SF:lib/views/data/dialog_mutate_money_object.dart
FNF:0
FNH:0
DA:13,1
DA:18,1
DA:20,1
DA:25,1
DA:30,2
DA:32,1
DA:33,0
DA:38,2
DA:39,1
DA:42,2
DA:43,1
DA:45,1
DA:47,5
DA:49,1
DA:51,1
DA:52,1
DA:53,1
DA:58,2
DA:59,2
DA:60,2
DA:62,1
DA:63,2
DA:65,0
DA:67,0
DA:71,2
DA:75,2
DA:76,1
DA:84,1
DA:93,1
DA:94,1
DA:102,1
DA:104,1
DA:105,3
DA:108,1
DA:110,1
DA:112,1
DA:113,1
DA:114,1
DA:115,1
DA:117,2
DA:118,1
DA:119,2
DA:120,3
DA:127,1
DA:128,1
DA:130,1
DA:132,1
DA:139,1
DA:145,1
DA:147,1
DA:149,1
DA:150,2
DA:156,1
DA:158,1
DA:161,3
DA:163,2
LF:56
LH:53
end_of_record
TN:
SF:lib/views/data/dialog_mutate_split.dart
FNF:0
FNH:0
DA:11,0
DA:15,0
DA:17,0
DA:18,0
DA:25,0
DA:29,0
DA:30,0
DA:40,0
DA:42,0
DA:43,0
DA:46,0
DA:48,0
DA:49,0
DA:51,0
DA:52,0
DA:53,0
DA:54,0
DA:56,0
DA:57,0
DA:58,0
DA:59,0
DA:60,0
DA:68,0
DA:69,0
DA:71,0
DA:72,0
DA:73,0
DA:81,0
DA:88,0
DA:89,0
DA:92,0
DA:95,0
DA:100,0
DA:107,0
DA:109,0
DA:111,0
DA:112,0
DA:116,0
DA:119,0
DA:120,0
DA:124,0
DA:125,0
DA:128,0
DA:129,0
DA:130,0
DA:136,0
DA:140,0
DA:141,0
DA:142,0
DA:143,0
DA:150,0
DA:151,0
DA:152,0
DA:153,0
DA:156,0
LF:55
LH:0
end_of_record
TN:
SF:lib/views/data/dialog_mutate_transaction.dart
FNF:0
FNH:0
DA:21,1
DA:25,1
DA:27,1
DA:28,1
DA:40,1
DA:44,1
DA:45,1
DA:55,1
DA:57,1
DA:58,3
DA:61,1
DA:63,1
DA:64,1
DA:66,1
DA:67,1
DA:68,1
DA:69,1
DA:71,2
DA:72,1
DA:73,0
DA:74,0
DA:75,0
DA:83,1
DA:84,1
DA:86,1
DA:87,1
DA:88,1
DA:96,1
DA:103,1
DA:104,1
DA:107,1
DA:110,0
DA:115,2
DA:122,1
DA:124,1
DA:126,0
DA:127,0
DA:131,1
DA:134,1
DA:135,1
DA:139,1
DA:140,1
DA:145,0
DA:146,0
DA:147,0
DA:153,1
DA:156,1
DA:157,4
DA:158,3
DA:159,4
DA:160,4
DA:161,4
DA:162,2
DA:163,4
DA:164,4
DA:166,2
DA:168,4
DA:169,1
DA:174,1
DA:178,0
DA:179,0
DA:180,0
DA:181,0
DA:188,0
DA:189,0
DA:190,0
DA:191,0
DA:194,0
LF:68
LH:50
end_of_record
TN:
SF:lib/views/data/distribution_bar.dart
FNF:0
FNH:0
DA:9,1
DA:18,1
DA:22,1
DA:23,1
DA:30,1
DA:32,2
DA:33,2
DA:35,3
DA:37,4
DA:39,1
DA:40,3
DA:41,4
DA:45,3
DA:46,4
DA:49,1
DA:51,1
DA:53,1
DA:54,1
DA:55,1
DA:56,1
DA:61,1
DA:66,1
DA:69,1
DA:70,1
DA:71,2
DA:72,1
DA:73,2
DA:75,1
DA:76,1
DA:77,1
DA:78,1
DA:79,0
DA:80,0
DA:81,0
DA:82,0
DA:84,0
DA:96,1
DA:97,1
DA:98,1
DA:99,3
DA:103,1
DA:104,1
DA:106,1
DA:110,1
DA:111,3
DA:112,2
DA:113,1
DA:115,2
DA:120,2
DA:121,1
DA:123,4
DA:124,1
DA:125,3
DA:126,1
DA:129,1
DA:130,4
DA:132,1
DA:133,1
DA:141,2
DA:142,3
DA:147,1
DA:148,2
DA:149,1
DA:152,1
DA:153,1
DA:156,1
LF:66
LH:61
end_of_record
TN:
SF:lib/views/data/domain_buttons.dart
FNF:0
FNH:0
DA:6,1
DA:7,1
DA:15,1
DA:16,1
DA:18,1
DA:19,1
DA:26,1
DA:30,1
DA:32,1
DA:33,1
DA:40,1
DA:41,1
DA:43,1
DA:44,1
DA:51,1
DA:52,1
DA:54,1
DA:55,1
DA:62,1
DA:63,1
DA:65,1
DA:66,1
DA:73,1
DA:77,1
DA:79,1
DA:80,1
DA:87,1
DA:93,1
DA:94,3
DA:95,1
DA:96,1
DA:98,1
DA:100,1
DA:101,3
DA:102,1
DA:103,4
DA:109,1
DA:114,0
DA:115,0
DA:120,1
DA:124,1
DA:132,1
DA:140,1
DA:142,1
DA:145,1
DA:146,1
DA:147,3
DA:150,1
DA:152,1
LF:49
LH:47
end_of_record
TN:
SF:lib/views/data/event.dart
FNF:0
FNH:0
DA:19,1
DA:28,2
DA:29,2
DA:30,2
DA:31,2
DA:32,2
DA:33,2
DA:34,2
DA:38,1
DA:39,1
DA:40,2
DA:41,1
DA:42,2
DA:43,1
DA:44,1
DA:45,1
DA:46,1
DA:58,1
DA:60,4
DA:61,5
DA:63,5
DA:67,0
DA:68,0
DA:69,0
DA:73,2
DA:74,3
DA:75,1
DA:76,2
DA:78,1
DA:82,1
DA:84,3
DA:85,2
DA:87,1
DA:89,3
DA:91,1
DA:102,2
DA:109,2
DA:116,2
DA:117,0
DA:118,0
DA:119,0
DA:126,2
DA:134,3
DA:135,3
DA:143,3
DA:144,3
DA:145,3
DA:146,2
DA:147,2
DA:148,2
DA:157,3
DA:158,3
DA:163,1
DA:173,1
DA:174,2
DA:176,1
DA:178,1
DA:181,1
DA:182,2
DA:184,1
DA:185,2
DA:187,3
DA:188,3
DA:190,6
DA:192,0
DA:194,0
DA:197,0
DA:198,0
DA:201,0
DA:208,2
DA:209,2
DA:210,2
DA:213,0
DA:215,3
DA:217,6
DA:219,1
DA:220,2
DA:221,2
DA:222,3
DA:223,1
DA:224,1
DA:225,1
DA:226,1
DA:227,1
DA:228,1
DA:229,1
DA:230,1
DA:233,1
DA:236,1
DA:237,2
DA:238,2
DA:239,3
DA:240,1
DA:241,1
DA:242,1
DA:243,1
DA:244,1
DA:245,1
DA:246,1
DA:249,1
DA:252,1
DA:257,1
DA:261,3
DA:263,1
DA:267,1
DA:269,3
DA:270,1
DA:272,3
DA:275,1
DA:280,1
DA:281,3
DA:284,1
DA:285,3
LF:113
LH:101
end_of_record
TN:
SF:lib/views/data/events.dart
FNF:0
FNH:0
DA:7,8
DA:8,8
DA:11,3
DA:13,3
DA:14,4
DA:15,2
DA:19,3
DA:22,3
DA:24,6
DA:27,1
DA:29,1
DA:30,1
DA:32,1
DA:33,1
DA:38,3
LF:15
LH:15
end_of_record
TN:
SF:lib/views/data/get_stock_from_cache_or_backend.dart
FNF:0
FNH:0
DA:16,1
DA:25,2
DA:35,2
DA:36,2
DA:38,2
DA:40,4
DA:42,2
DA:48,2
DA:51,2
DA:52,4
DA:53,0
DA:54,0
DA:58,2
DA:59,2
DA:60,2
DA:61,1
DA:62,1
DA:63,0
DA:78,2
DA:79,2
DA:88,6
DA:89,3
DA:91,2
DA:93,2
DA:94,1
DA:96,1
DA:97,0
DA:105,2
DA:107,6
DA:108,2
DA:111,2
DA:112,2
DA:113,1
DA:114,2
DA:115,2
DA:117,2
DA:123,0
DA:126,2
DA:127,2
DA:132,6
DA:134,1
DA:137,4
DA:142,8
DA:144,2
DA:146,2
DA:147,2
DA:151,2
DA:153,4
DA:155,2
DA:156,2
DA:158,1
DA:162,0
DA:164,0
DA:168,0
DA:171,0
DA:174,0
DA:178,0
DA:180,0
DA:181,0
DA:183,0
DA:184,0
DA:185,0
DA:187,0
DA:191,0
DA:192,0
DA:195,0
DA:198,3
DA:203,1
DA:208,1
DA:209,0
DA:212,3
DA:213,2
DA:214,1
DA:215,2
DA:219,3
DA:221,0
DA:224,0
DA:225,0
DA:226,0
DA:227,0
DA:228,0
DA:237,0
DA:238,0
LF:83
LH:54
end_of_record
TN:
SF:lib/views/data/investment.dart
FNF:0
FNH:0
DA:18,1
DA:33,2
DA:34,2
DA:35,3
DA:36,2
DA:37,3
DA:38,3
DA:39,3
DA:40,3
DA:41,3
DA:42,2
DA:43,2
DA:44,2
DA:45,3
DA:49,1
DA:50,1
DA:52,2
DA:54,1
DA:56,1
DA:58,1
DA:60,1
DA:62,1
DA:64,1
DA:66,1
DA:68,1
DA:70,1
DA:72,1
DA:74,1
DA:76,1
DA:82,0
DA:87,3
DA:94,3
DA:95,4
DA:102,3
DA:103,4
DA:109,3
DA:115,1
DA:116,1
DA:117,4
DA:125,2
DA:136,2
DA:137,3
DA:139,0
DA:143,0
DA:145,0
DA:146,0
DA:147,0
DA:155,3
DA:156,4
DA:163,4
DA:164,4
DA:170,1
DA:171,2
DA:179,3
DA:180,3
DA:186,2
DA:187,0
DA:188,0
DA:189,0
DA:190,0
DA:199,1
DA:200,3
DA:210,1
DA:211,3
DA:212,3
DA:219,3
DA:220,4
DA:228,1
DA:229,5
DA:230,3
DA:232,0
DA:236,0
DA:238,0
DA:240,0
DA:247,1
DA:248,1
DA:250,1
DA:259,2
DA:260,2
DA:273,3
DA:274,4
DA:275,0
DA:277,0
DA:284,3
DA:291,2
DA:292,3
DA:293,0
DA:295,0
DA:301,2
DA:308,3
DA:309,1
DA:310,3
DA:318,1
DA:320,0
DA:324,1
DA:325,2
DA:327,1
DA:329,3
DA:332,1
DA:334,15
DA:337,1
DA:338,2
DA:340,1
DA:341,2
DA:343,3
DA:345,4
DA:347,1
DA:351,1
DA:353,3
DA:360,1
DA:361,1
DA:362,2
DA:363,1
DA:367,4
DA:369,1
DA:370,1
DA:372,2
DA:374,0
DA:377,1
DA:378,3
DA:382,4
DA:387,1
DA:388,3
DA:392,6
DA:395,1
DA:396,2
DA:397,2
DA:398,3
DA:399,1
DA:400,1
DA:401,1
DA:402,1
DA:403,1
DA:404,1
DA:405,1
DA:406,1
DA:407,1
DA:408,1
DA:409,1
DA:410,1
DA:411,1
DA:412,1
DA:413,1
DA:414,1
DA:415,1
DA:416,1
DA:417,1
DA:418,1
DA:419,1
DA:420,1
DA:424,1
DA:427,1
DA:428,2
DA:429,3
DA:430,1
DA:431,1
DA:432,1
DA:433,1
DA:434,1
DA:435,1
DA:436,1
DA:437,1
DA:438,1
DA:439,1
DA:440,1
DA:441,1
DA:442,1
DA:443,1
DA:444,1
DA:445,1
DA:446,1
DA:450,0
DA:451,0
DA:452,0
DA:453,0
DA:457,0
DA:459,0
DA:461,0
DA:462,0
DA:467,0
DA:474,1
DA:480,3
DA:482,1
DA:484,0
DA:485,0
DA:486,0
DA:502,6
DA:504,5
DA:507,1
DA:508,1
DA:509,1
DA:513,1
DA:514,1
DA:517,4
DA:519,1
DA:520,4
DA:521,1
DA:523,3
DA:529,1
DA:530,10
DA:531,7
DA:535,4
DA:537,1
DA:538,1
DA:541,4
DA:543,1
DA:545,6
LF:207
LH:175
end_of_record
TN:
SF:lib/views/data/investments.dart
FNF:0
FNH:0
DA:12,8
DA:13,8
DA:16,3
DA:18,3
DA:19,4
DA:20,2
DA:24,3
DA:26,4
DA:28,3
DA:29,1
DA:31,1
DA:33,3
DA:34,2
DA:37,3
DA:38,1
DA:43,3
DA:45,6
DA:48,1
DA:52,2
DA:55,1
DA:57,1
DA:62,2
DA:63,2
DA:64,2
DA:70,1
DA:71,2
DA:72,1
DA:73,5
DA:74,1
DA:77,2
DA:79,2
DA:80,2
DA:83,2
DA:85,3
DA:86,3
DA:87,3
DA:88,3
DA:90,2
DA:91,1
DA:92,4
DA:93,2
LF:41
LH:41
end_of_record
TN:
SF:lib/views/data/list_view_transaction_splits.dart
FNF:0
FNH:0
DA:12,1
DA:23,1
DA:24,1
DA:29,3
DA:31,1
DA:33,1
DA:36,1
DA:38,1
DA:39,1
DA:41,1
DA:42,2
DA:43,1
DA:44,1
DA:45,1
DA:46,0
DA:47,0
DA:48,0
DA:50,0
DA:52,0
DA:58,1
DA:59,1
DA:60,2
DA:61,2
DA:62,2
DA:63,0
DA:64,0
DA:65,0
DA:66,0
DA:69,0
DA:72,1
DA:75,1
DA:77,1
DA:78,1
DA:79,1
DA:80,2
DA:93,1
DA:100,1
DA:101,4
DA:104,3
DA:106,1
DA:107,3
DA:109,5
DA:113,1
DA:114,1
DA:115,1
DA:116,1
DA:118,1
DA:119,2
DA:123,0
DA:124,0
DA:126,0
DA:127,0
LF:52
LH:38
end_of_record
TN:
SF:lib/views/data/list_view_transactions.dart
FNF:0
FNH:0
DA:13,1
DA:43,1
DA:44,1
DA:48,3
DA:49,3
DA:51,1
DA:54,3
DA:55,1
DA:59,1
DA:61,2
DA:62,1
DA:63,1
DA:66,1
DA:68,2
DA:69,1
DA:70,1
DA:71,1
DA:72,3
DA:73,2
DA:78,1
DA:79,5
DA:80,3
DA:82,1
DA:83,2
DA:84,2
DA:86,0
DA:88,1
DA:90,3
DA:91,1
DA:92,1
DA:93,3
DA:97,1
DA:98,1
DA:99,1
DA:102,2
DA:103,3
DA:104,3
DA:105,1
DA:106,1
DA:107,3
DA:115,1
DA:119,1
DA:121,1
DA:125,1
DA:126,3
DA:127,4
DA:130,7
DA:133,1
DA:134,2
DA:138,2
DA:139,4
DA:140,1
LF:52
LH:51
end_of_record
TN:
SF:lib/views/data/loan_payment.dart
FNF:0
FNH:0
DA:14,1
DA:23,2
DA:24,2
DA:25,6
DA:26,2
DA:27,2
DA:28,3
DA:29,3
DA:30,2
DA:34,1
DA:35,1
DA:37,2
DA:39,2
DA:41,1
DA:43,1
DA:45,1
DA:47,1
DA:60,3
DA:61,3
DA:67,4
DA:68,0
DA:75,3
DA:76,2
DA:77,2
DA:84,2
DA:92,3
DA:93,4
DA:103,3
DA:104,3
DA:112,3
DA:113,4
DA:118,2
DA:124,3
DA:129,0
DA:132,0
DA:134,0
DA:135,0
DA:136,0
DA:137,0
DA:138,0
DA:144,1
DA:145,2
DA:147,1
DA:150,2
DA:153,1
DA:154,2
DA:156,1
DA:157,2
DA:159,3
DA:161,1
DA:162,2
DA:163,2
DA:164,3
DA:165,1
DA:166,1
DA:167,1
DA:168,1
DA:169,1
DA:170,1
DA:171,1
DA:172,1
DA:173,1
DA:176,1
DA:179,1
DA:180,2
DA:181,0
DA:182,0
DA:183,0
DA:184,0
DA:185,0
DA:186,0
DA:187,0
DA:188,0
DA:189,0
DA:190,0
DA:191,0
DA:194,1
DA:197,1
DA:198,7
DA:199,1
DA:205,4
DA:206,1
DA:209,1
DA:212,0
LF:84
LH:64
end_of_record
TN:
SF:lib/views/data/loan_payments.dart
FNF:0
FNH:0
DA:11,8
DA:12,8
DA:15,3
DA:17,3
DA:18,4
DA:19,2
DA:23,3
DA:26,3
DA:28,6
DA:40,1
DA:41,1
DA:42,2
DA:43,2
DA:47,2
DA:48,1
DA:49,6
DA:50,1
DA:53,3
DA:54,2
DA:58,1
DA:60,2
DA:62,1
DA:65,1
DA:67,1
DA:68,3
DA:69,1
DA:75,3
DA:78,5
DA:80,3
DA:82,2
DA:83,1
DA:84,1
DA:90,5
DA:91,5
DA:95,5
DA:96,0
DA:102,2
DA:103,1
DA:104,1
DA:105,1
DA:106,1
DA:107,1
DA:108,1
DA:109,1
DA:111,1
DA:116,1
DA:117,6
DA:122,2
DA:123,4
DA:124,3
DA:127,7
LF:51
LH:50
end_of_record
TN:
SF:lib/views/data/menu_entry.dart
FNF:0
FNH:0
DA:14,1
DA:16,1
DA:21,1
DA:24,1
DA:28,1
DA:31,0
DA:32,0
DA:33,0
DA:35,0
DA:36,0
DA:43,1
DA:44,1
DA:45,1
DA:47,0
DA:49,0
DA:51,0
DA:58,0
DA:60,0
DA:61,0
DA:69,1
DA:70,1
DA:71,1
DA:73,0
DA:75,0
DA:77,0
DA:83,1
DA:87,1
DA:89,1
DA:90,1
DA:91,1
DA:93,1
DA:97,1
DA:98,1
DA:99,1
DA:101,1
DA:107,1
DA:108,1
DA:110,0
DA:111,0
DA:113,0
DA:115,0
DA:121,1
DA:123,1
DA:124,1
DA:126,1
DA:131,1
DA:132,1
DA:134,0
DA:135,0
DA:137,0
DA:138,0
DA:145,1
DA:150,1
DA:151,1
DA:153,0
DA:155,0
DA:165,1
DA:166,1
DA:169,0
DA:170,0
DA:171,0
DA:172,0
DA:174,0
LF:63
LH:34
end_of_record
TN:
SF:lib/views/data/merge_payees.dart
FNF:0
FNH:0
DA:17,1
DA:18,2
DA:19,1
DA:20,6
DA:22,1
DA:24,2
DA:26,1
DA:28,1
DA:34,1
DA:43,1
DA:44,1
DA:54,1
DA:56,1
DA:57,1
DA:60,1
DA:62,1
DA:63,1
DA:65,1
DA:66,6
DA:70,1
DA:71,1
DA:73,1
DA:75,1
DA:76,1
DA:77,1
DA:78,2
DA:79,1
DA:80,2
DA:81,1
DA:82,1
DA:90,1
DA:91,1
DA:93,2
DA:94,1
DA:96,2
DA:98,5
DA:99,1
DA:101,1
DA:102,1
DA:103,2
DA:104,2
DA:105,1
DA:107,1
DA:116,1
DA:117,1
DA:118,2
DA:119,3
DA:121,1
DA:122,5
DA:123,4
DA:129,1
DA:130,3
DA:134,1
DA:135,2
DA:136,1
DA:137,0
DA:140,2
DA:141,1
DA:142,1
DA:144,4
DA:145,1
DA:146,1
DA:147,1
DA:149,1
DA:151,1
DA:152,1
DA:154,3
DA:156,1
DA:157,1
DA:158,1
DA:160,1
DA:161,3
DA:162,3
DA:163,2
DA:164,1
DA:165,1
DA:166,3
DA:182,1
DA:183,1
DA:194,1
DA:196,1
DA:197,1
DA:198,1
DA:199,0
DA:200,0
DA:201,0
DA:204,1
DA:211,1
DA:218,2
DA:220,3
DA:222,1
DA:223,1
DA:225,2
DA:227,0
DA:230,2
DA:236,2
DA:237,2
LF:97
LH:92
end_of_record
TN:
SF:lib/views/data/money_object_card.dart
FNF:0
FNH:0
DA:12,1
DA:27,1
DA:29,1
DA:32,2
DA:33,2
DA:37,1
DA:38,0
DA:40,2
DA:41,1
DA:42,2
DA:46,1
DA:47,2
DA:48,1
DA:56,1
DA:57,1
DA:59,1
DA:61,4
DA:64,1
DA:65,1
DA:66,1
DA:67,0
DA:69,0
DA:70,0
DA:73,1
DA:74,1
DA:76,0
DA:77,0
DA:80,1
DA:81,1
DA:83,0
DA:84,0
DA:87,1
DA:89,0
DA:90,0
DA:92,0
DA:104,1
DA:109,1
DA:111,3
DA:115,1
DA:122,1
DA:124,2
DA:125,1
DA:128,2
DA:132,1
LF:44
LH:33
end_of_record
TN:
SF:lib/views/data/money_split.dart
FNF:0
FNH:0
DA:28,1
DA:48,2
DA:49,2
DA:50,2
DA:51,2
DA:52,3
DA:53,2
DA:54,2
DA:55,2
DA:56,2
DA:59,1
DA:60,1
DA:62,2
DA:64,2
DA:66,2
DA:68,2
DA:70,1
DA:72,2
DA:74,1
DA:76,1
DA:78,1
DA:86,3
DA:87,4
DA:88,0
DA:89,0
DA:97,0
DA:98,2
DA:99,2
DA:109,2
DA:110,0
DA:111,3
DA:112,0
DA:113,0
DA:115,0
DA:120,0
DA:121,0
DA:122,0
DA:123,0
DA:125,0
DA:126,0
DA:128,0
DA:130,0
DA:132,0
DA:148,3
DA:153,2
DA:160,3
DA:161,3
DA:162,0
DA:171,4
DA:172,2
DA:174,3
DA:182,0
DA:183,3
DA:191,0
DA:192,3
DA:196,1
DA:197,2
DA:200,0
DA:202,0
DA:205,1
DA:206,2
DA:208,1
DA:209,2
DA:211,3
DA:213,6
DA:215,1
DA:216,2
DA:217,2
DA:218,3
DA:219,1
DA:220,1
DA:221,1
DA:222,1
DA:223,1
DA:224,1
DA:225,1
DA:226,1
DA:227,1
DA:230,1
DA:233,0
DA:234,0
LF:81
LH:58
end_of_record
TN:
SF:lib/views/data/mru_dropdown.dart
FNF:0
FNH:0
DA:13,1
DA:15,1
DA:17,1
DA:18,1
DA:22,2
DA:23,2
DA:25,1
DA:28,2
DA:29,1
DA:31,1
DA:32,1
DA:34,1
DA:35,1
DA:42,1
DA:45,0
DA:48,0
DA:51,0
DA:52,0
DA:56,1
DA:57,1
DA:58,1
DA:59,2
DA:66,1
DA:67,2
DA:75,1
DA:79,1
DA:80,1
DA:81,1
DA:83,1
DA:84,1
LF:30
LH:26
end_of_record
TN:
SF:lib/views/data/payee.dart
FNF:0
FNH:0
DA:15,1
DA:17,1
DA:18,1
DA:24,2
DA:30,3
DA:35,2
DA:42,3
DA:43,3
DA:44,0
DA:49,3
DA:52,1
DA:54,1
DA:55,2
DA:56,1
DA:57,2
DA:60,3
DA:65,1
DA:66,2
DA:68,1
DA:70,2
DA:73,1
DA:74,2
DA:76,1
DA:77,2
DA:79,3
DA:81,1
DA:82,2
DA:83,2
DA:84,3
DA:85,1
DA:86,1
DA:87,1
DA:88,1
DA:89,1
DA:92,1
DA:101,1
DA:102,2
DA:103,3
DA:104,1
DA:105,1
DA:106,1
DA:107,1
DA:116,1
DA:117,2
DA:121,3
DA:122,2
DA:124,3
DA:125,2
DA:127,0
DA:131,1
DA:132,2
LF:51
LH:49
end_of_record
TN:
SF:lib/views/data/payees.dart
FNF:0
FNH:0
DA:10,8
DA:11,8
DA:14,3
DA:16,3
DA:19,4
DA:20,2
DA:21,2
DA:22,1
DA:23,1
DA:24,2
DA:25,2
DA:30,3
DA:32,4
DA:33,2
DA:34,3
DA:37,10
DA:38,3
DA:40,3
DA:41,5
DA:42,6
DA:43,1
DA:44,2
DA:45,5
DA:52,3
DA:54,6
DA:57,1
DA:58,1
DA:61,2
DA:62,4
DA:66,1
DA:67,2
DA:68,1
DA:69,6
DA:74,1
DA:75,2
DA:79,1
DA:82,1
DA:84,2
DA:89,1
DA:91,1
DA:95,1
DA:96,3
DA:97,2
DA:98,3
DA:107,1
DA:108,1
DA:110,0
DA:112,1
DA:115,1
DA:116,2
DA:117,3
DA:119,4
DA:120,5
DA:124,3
LF:54
LH:53
end_of_record
TN:
SF:lib/views/data/picker_account.dart
FNF:0
FNH:0
DA:7,1
DA:11,2
DA:12,1
DA:13,4
DA:14,1
DA:16,2
DA:18,1
DA:23,0
DA:24,0
DA:26,0
LF:10
LH:7
end_of_record
TN:
SF:lib/views/data/picker_category.dart
FNF:0
FNH:0
DA:6,1
DA:11,2
DA:13,1
DA:16,3
DA:18,1
DA:19,3
DA:21,1
LF:7
LH:7
end_of_record
TN:
SF:lib/views/data/picker_payee.dart
FNF:0
FNH:0
DA:7,1
DA:11,8
DA:12,3
DA:14,2
DA:16,1
DA:20,1
DA:21,3
DA:23,1
DA:26,0
DA:27,0
DA:28,0
LF:11
LH:8
end_of_record
TN:
SF:lib/views/data/picker_payee_or_transfer.dart
FNF:0
FNH:0
DA:13,1
DA:28,1
DA:29,1
DA:35,1
DA:37,1
DA:38,3
DA:41,1
DA:43,1
DA:46,1
DA:47,1
DA:48,2
DA:49,1
DA:50,2
DA:55,1
DA:56,1
DA:57,1
DA:58,1
DA:59,1
DA:60,1
DA:63,1
DA:64,1
DA:68,2
DA:69,1
DA:70,2
DA:71,2
DA:77,1
DA:78,2
DA:79,1
DA:80,1
DA:81,1
DA:82,1
DA:83,2
DA:84,0
DA:85,0
DA:89,2
DA:90,1
DA:91,0
DA:92,0
DA:93,0
DA:94,0
DA:95,0
DA:103,1
DA:104,3
DA:105,1
DA:106,2
DA:107,0
DA:108,0
DA:115,1
DA:116,1
DA:118,1
DA:119,3
DA:120,1
DA:121,1
LF:53
LH:44
end_of_record
TN:
SF:lib/views/data/rent_building.dart
FNF:0
FNH:0
DA:42,1
DA:44,1
DA:45,1
DA:47,4
DA:48,3
DA:49,3
DA:50,3
DA:52,1
DA:54,3
DA:55,1
DA:57,4
DA:58,3
DA:59,1
DA:61,3
DA:62,3
DA:63,3
DA:66,3
DA:70,4
DA:71,4
DA:72,2
DA:75,4
DA:76,4
DA:77,2
DA:80,4
DA:81,4
DA:82,2
DA:85,4
DA:86,4
DA:87,2
DA:90,3
DA:92,1
DA:94,4
DA:95,2
DA:98,3
DA:100,1
DA:102,4
DA:103,2
DA:106,3
DA:107,2
DA:108,1
DA:110,2
DA:111,1
DA:113,2
DA:114,1
DA:116,2
DA:117,1
DA:120,3
DA:130,1
DA:131,3
DA:132,3
DA:142,1
DA:143,3
DA:144,3
DA:154,1
DA:155,3
DA:156,3
DA:166,1
DA:167,3
DA:168,3
DA:178,1
DA:179,3
DA:180,3
DA:190,1
DA:191,3
DA:192,3
DA:203,3
DA:204,3
DA:213,2
DA:214,2
DA:215,1
DA:224,3
DA:225,1
DA:226,3
DA:227,0
DA:228,0
DA:234,1
DA:235,3
DA:241,2
DA:249,3
DA:250,1
DA:251,3
DA:252,0
DA:253,0
DA:259,2
DA:260,2
DA:267,2
DA:268,2
DA:275,2
DA:276,2
DA:283,2
DA:284,2
DA:291,2
DA:292,2
DA:301,3
DA:302,3
DA:310,3
DA:311,3
DA:319,3
DA:320,3
DA:328,3
DA:329,1
DA:330,2
DA:338,3
DA:339,1
DA:340,2
DA:346,1
DA:347,3
DA:355,2
DA:356,2
DA:358,2
DA:359,2
DA:368,3
DA:369,1
DA:370,3
DA:376,1
DA:377,3
DA:382,3
DA:387,3
DA:398,0
DA:399,0
DA:407,0
DA:409,0
DA:410,0
DA:411,0
DA:412,0
DA:413,0
DA:420,1
DA:421,2
DA:423,1
DA:424,2
DA:426,0
DA:427,0
DA:429,3
DA:431,1
DA:432,2
DA:433,1
DA:434,1
DA:435,5
DA:438,0
DA:442,1
DA:443,2
DA:445,1
DA:446,0
DA:448,0
DA:450,0
DA:451,0
DA:452,0
DA:455,0
DA:456,0
DA:457,0
DA:460,0
DA:461,0
DA:462,0
DA:465,0
DA:468,0
DA:469,0
DA:470,0
DA:472,0
DA:473,0
DA:477,0
DA:480,0
DA:485,2
DA:488,0
DA:489,0
DA:490,0
DA:491,0
DA:494,0
DA:495,0
DA:496,0
DA:498,0
DA:499,0
DA:500,0
DA:502,0
DA:503,0
DA:504,0
DA:506,0
DA:507,0
DA:508,0
DA:510,0
DA:511,0
DA:512,0
DA:516,1
DA:517,2
DA:518,2
DA:519,3
DA:520,1
DA:521,1
DA:522,1
DA:523,1
DA:524,1
DA:525,1
DA:526,1
DA:527,1
DA:528,1
DA:529,1
DA:530,1
DA:531,1
DA:532,1
DA:533,1
DA:534,1
DA:535,1
DA:536,1
DA:537,1
DA:538,1
DA:539,1
DA:540,1
DA:541,1
DA:542,1
DA:543,1
DA:544,1
DA:545,1
DA:546,1
DA:547,1
DA:550,1
DA:553,1
DA:554,2
DA:555,3
DA:556,1
DA:557,1
DA:558,1
DA:559,1
DA:560,1
DA:561,1
DA:562,1
DA:563,1
DA:564,1
DA:565,1
DA:566,1
DA:567,1
DA:568,1
DA:569,1
DA:570,1
DA:574,1
DA:575,3
DA:578,1
DA:579,1
DA:582,0
DA:586,1
DA:587,2
DA:588,2
DA:589,0
DA:590,0
DA:591,0
DA:592,0
DA:593,0
DA:594,0
DA:595,0
DA:596,0
DA:597,0
DA:602,1
DA:603,2
DA:604,2
DA:605,2
DA:606,2
DA:607,2
DA:608,2
DA:611,1
DA:612,2
DA:613,1
DA:614,2
DA:615,1
DA:616,2
DA:623,1
LF:263
LH:200
end_of_record
TN:
SF:lib/views/data/rent_buildings.dart
FNF:0
FNH:0
DA:10,8
DA:11,8
DA:14,3
DA:16,3
DA:18,4
DA:19,2
DA:23,3
DA:25,4
DA:26,1
DA:27,1
DA:29,4
DA:30,5
DA:31,2
DA:37,3
DA:39,6
DA:46,1
DA:48,2
DA:51,4
DA:53,1
LF:19
LH:19
end_of_record
TN:
SF:lib/views/data/securities.dart
FNF:0
FNH:0
DA:15,8
DA:16,8
DA:20,3
DA:22,3
DA:23,4
DA:24,1
DA:25,1
DA:31,3
DA:33,5
DA:35,8
DA:40,2
DA:41,6
DA:44,2
DA:45,6
DA:46,6
DA:47,6
DA:48,6
DA:50,8
DA:51,4
DA:56,3
DA:58,3
DA:59,3
DA:64,2
DA:65,4
DA:66,10
DA:71,1
DA:72,1
DA:74,2
DA:77,1
DA:86,1
DA:87,1
DA:91,2
LF:32
LH:32
end_of_record
TN:
SF:lib/views/data/security.dart
FNF:0
FNH:0
DA:31,2
DA:42,4
DA:43,4
DA:44,4
DA:45,6
DA:46,6
DA:47,4
DA:48,4
DA:49,4
DA:50,4
DA:54,2
DA:55,2
DA:57,4
DA:59,2
DA:61,2
DA:63,2
DA:65,2
DA:67,2
DA:69,2
DA:71,2
DA:73,2
DA:79,3
DA:85,3
DA:90,3
DA:97,3
DA:98,3
DA:104,3
DA:109,2
DA:117,3
DA:118,4
DA:119,0
DA:120,0
DA:129,3
DA:130,3
DA:131,0
DA:132,0
DA:141,3
DA:149,3
DA:150,4
DA:151,0
DA:158,0
DA:159,0
DA:160,0
DA:161,0
DA:162,0
DA:168,1
DA:169,9
DA:172,3
DA:195,2
DA:196,2
DA:198,3
DA:200,1
DA:205,1
DA:206,3
DA:207,1
DA:209,3
DA:211,1
DA:216,1
DA:217,2
DA:225,3
DA:226,3
DA:227,0
DA:228,0
DA:237,3
DA:238,1
DA:239,3
DA:247,0
DA:248,0
DA:251,1
DA:253,1
DA:254,2
DA:255,1
DA:256,3
DA:259,2
DA:260,2
DA:265,1
DA:266,2
DA:268,2
DA:269,4
DA:271,2
DA:272,4
DA:274,3
DA:276,1
DA:277,2
DA:278,2
DA:279,3
DA:280,1
DA:281,1
DA:282,1
DA:283,1
DA:284,1
DA:285,1
DA:286,1
DA:287,1
DA:288,1
DA:289,1
DA:290,1
DA:291,1
DA:292,1
DA:293,1
DA:296,1
DA:299,1
DA:300,2
DA:301,3
DA:302,1
DA:303,1
DA:304,1
DA:305,1
DA:306,1
DA:307,1
DA:308,1
DA:309,1
DA:310,1
DA:311,1
DA:312,1
DA:313,1
DA:317,2
DA:318,15
DA:320,1
DA:321,1
DA:322,2
DA:327,7
LF:122
LH:108
end_of_record
TN:
SF:lib/views/data/splits.dart
FNF:0
FNH:0
DA:8,8
DA:9,8
DA:12,1
DA:14,1
DA:18,3
DA:19,2
DA:22,2
DA:26,3
DA:28,3
DA:29,4
DA:30,1
DA:31,1
DA:33,2
DA:35,2
DA:37,2
DA:39,2
DA:41,1
DA:43,2
DA:45,1
DA:47,1
DA:49,1
DA:53,6
DA:56,3
DA:58,6
LF:24
LH:24
end_of_record
TN:
SF:lib/views/data/stock_split.dart
FNF:0
FNH:0
DA:18,2
DA:24,4
DA:25,4
DA:26,4
DA:27,4
DA:31,1
DA:32,1
DA:33,1
DA:34,1
DA:35,1
DA:36,1
DA:37,4
DA:43,3
DA:44,1
DA:45,3
DA:51,0
DA:52,3
DA:56,0
DA:57,2
DA:63,0
DA:64,3
DA:70,0
DA:71,3
DA:75,1
DA:76,2
DA:78,1
DA:80,5
DA:83,1
DA:85,9
DA:88,2
DA:89,4
DA:91,2
DA:92,4
DA:94,3
DA:96,1
DA:97,2
DA:98,2
DA:99,3
DA:100,1
DA:101,1
DA:102,1
DA:103,1
DA:104,1
DA:107,1
LF:44
LH:40
end_of_record
TN:
SF:lib/views/data/stock_splits.dart
FNF:0
FNH:0
DA:9,8
DA:10,8
DA:13,3
DA:15,3
DA:16,4
DA:17,2
DA:21,3
DA:23,6
DA:26,1
DA:27,2
DA:28,4
DA:30,2
DA:31,1
DA:35,2
DA:36,2
DA:37,3
DA:38,5
DA:39,1
DA:42,2
DA:43,0
DA:50,1
DA:51,1
DA:52,1
DA:53,0
DA:55,1
DA:56,2
DA:57,1
DA:58,0
DA:59,0
DA:60,0
DA:64,1
LF:31
LH:26
end_of_record
TN:
SF:lib/views/data/suggestion_approval.dart
FNF:0
FNH:0
DA:11,1
DA:42,1
DA:43,1
DA:53,1
DA:55,1
DA:56,2
DA:61,3
DA:62,1
DA:63,1
DA:69,1
DA:71,2
DA:72,1
DA:75,1
DA:77,2
DA:78,1
DA:79,2
DA:80,2
DA:84,2
DA:86,1
DA:89,1
DA:90,1
DA:91,1
DA:93,1
DA:95,1
DA:96,1
DA:97,1
DA:100,3
DA:105,2
DA:106,0
DA:110,0
DA:114,2
DA:115,1
DA:119,0
DA:120,0
DA:121,0
DA:131,0
DA:132,0
DA:133,0
DA:134,0
DA:136,0
DA:137,0
DA:139,0
DA:145,1
DA:146,1
DA:148,2
DA:150,1
DA:151,1
DA:153,1
DA:154,3
DA:155,1
DA:156,1
DA:159,1
DA:160,2
DA:161,2
DA:167,1
DA:168,1
DA:169,3
DA:172,1
DA:173,1
DA:174,1
DA:175,3
DA:176,2
DA:177,1
DA:178,1
DA:180,1
DA:185,1
DA:186,3
LF:67
LH:55
end_of_record
TN:
SF:lib/views/data/transaction.dart
FNF:0
FNH:0
DA:35,1
DA:41,2
DA:42,2
DA:43,2
DA:44,3
DA:47,1
DA:53,3
DA:58,1
DA:59,3
DA:60,4
DA:61,4
DA:62,2
DA:63,3
DA:67,1
DA:68,2
DA:70,4
DA:72,4
DA:73,6
DA:75,4
DA:77,4
DA:79,3
DA:81,4
DA:83,3
DA:85,3
DA:87,3
DA:89,3
DA:91,4
DA:93,3
DA:95,3
DA:98,4
DA:100,4
DA:102,4
DA:104,3
DA:107,1
DA:124,4
DA:125,2
DA:127,3
DA:136,2
DA:137,3
DA:138,1
DA:140,4
DA:141,1
DA:142,3
DA:143,2
DA:144,3
DA:145,3
DA:159,2
DA:160,1
DA:161,3
DA:165,2
DA:166,3
DA:167,3
DA:178,2
DA:179,1
DA:180,1
DA:190,2
DA:191,1
DA:192,1
DA:196,2
DA:197,1
DA:198,1
DA:208,2
DA:209,2
DA:211,2
DA:212,2
DA:226,1
DA:229,3
DA:230,2
DA:231,0
DA:232,3
DA:235,3
DA:239,1
DA:240,3
DA:242,0
DA:244,0
DA:246,4
DA:247,0
DA:248,0
DA:249,0
DA:252,0
DA:254,0
DA:255,0
DA:257,0
DA:263,1
DA:264,1
DA:265,1
DA:266,1
DA:267,3
DA:268,1
DA:271,2
DA:272,3
DA:273,2
DA:274,1
DA:275,1
DA:278,1
DA:279,2
DA:281,1
DA:286,1
DA:287,1
DA:288,1
DA:289,1
DA:291,3
DA:292,2
DA:294,1
DA:296,3
DA:298,1
DA:303,6
DA:304,0
DA:306,0
DA:322,2
DA:323,1
DA:324,2
DA:333,3
DA:334,1
DA:335,3
DA:337,1
DA:341,1
DA:343,1
DA:344,1
DA:346,3
DA:349,1
DA:354,1
DA:355,3
DA:356,1
DA:357,1
DA:365,3
DA:366,3
DA:375,3
DA:376,3
DA:382,2
DA:390,3
DA:391,3
DA:392,0
DA:393,0
DA:402,2
DA:403,2
DA:413,3
DA:414,3
DA:423,3
DA:424,3
DA:433,1
DA:434,2
DA:448,2
DA:449,1
DA:450,1
DA:453,1
DA:454,1
DA:456,3
DA:457,0
DA:459,0
DA:460,0
DA:465,0
DA:466,0
DA:467,0
DA:471,1
DA:475,1
DA:478,1
DA:479,4
DA:482,5
DA:483,1
DA:484,3
DA:486,0
DA:494,0
DA:496,0
DA:497,0
DA:498,0
DA:501,0
DA:504,0
DA:505,0
DA:510,0
DA:513,0
DA:517,0
DA:531,2
DA:532,2
DA:534,2
DA:535,2
DA:544,3
DA:545,4
DA:546,0
DA:547,0
DA:548,0
DA:563,2
DA:564,4
DA:565,0
DA:566,0
DA:567,2
DA:568,3
DA:569,3
DA:581,3
DA:582,3
DA:591,3
DA:592,3
DA:607,1
DA:609,1
DA:610,1
DA:611,8
DA:612,1
DA:613,2
DA:616,4
DA:621,1
DA:622,2
DA:624,1
DA:626,1
DA:629,1
DA:631,1
DA:632,0
DA:634,2
DA:635,1
DA:638,2
DA:640,2
DA:641,1
DA:643,1
DA:646,1
DA:649,1
DA:651,5
DA:654,1
DA:655,2
DA:657,1
DA:658,2
DA:660,3
DA:662,4
DA:664,4
DA:666,6
DA:668,6
DA:670,0
DA:672,0
DA:675,0
DA:676,0
DA:679,0
DA:687,1
DA:691,5
DA:698,0
DA:702,1
DA:703,2
DA:704,1
DA:731,1
DA:732,3
DA:733,0
DA:736,4
DA:737,0
DA:744,0
DA:745,0
DA:746,0
DA:747,0
DA:752,0
DA:753,0
DA:759,1
DA:760,5
DA:764,3
DA:767,4
DA:769,1
DA:770,2
DA:771,2
DA:772,3
DA:773,1
DA:774,1
DA:775,1
DA:776,1
DA:777,1
DA:778,1
DA:779,1
DA:780,1
DA:781,1
DA:782,1
DA:783,1
DA:784,1
DA:785,1
DA:786,1
DA:787,1
DA:788,1
DA:789,1
DA:790,1
DA:791,1
DA:792,1
DA:793,1
DA:794,1
DA:795,1
DA:798,1
DA:801,1
DA:802,2
DA:803,3
DA:804,1
DA:805,1
DA:806,1
DA:807,1
DA:808,1
DA:809,1
DA:810,1
DA:811,1
DA:812,1
DA:813,1
DA:814,1
DA:818,0
DA:820,0
DA:823,0
DA:826,1
DA:828,4
DA:831,3
DA:834,1
DA:835,1
DA:836,5
DA:837,1
DA:838,2
DA:841,1
DA:844,1
DA:845,1
DA:846,3
DA:850,1
DA:852,0
DA:855,1
DA:859,1
DA:860,2
DA:865,5
DA:867,1
DA:870,1
DA:875,1
DA:877,1
DA:878,2
DA:882,1
DA:884,6
DA:885,1
DA:888,1
DA:889,1
DA:892,1
DA:893,2
DA:894,3
DA:895,2
DA:898,1
DA:901,1
DA:904,1
DA:905,1
DA:908,3
DA:910,7
DA:912,4
DA:914,4
DA:916,1
DA:917,3
DA:921,1
DA:922,2
DA:923,3
DA:931,3
DA:933,5
DA:935,1
DA:936,1
DA:938,2
DA:939,3
DA:945,6
DA:954,0
DA:1035,0
DA:1037,1
DA:1043,1
DA:1044,0
DA:1046,3
DA:1049,1
DA:1054,1
DA:1055,2
DA:1056,2
DA:1060,1
DA:1061,3
DA:1067,1
DA:1068,3
DA:1069,3
DA:1073,1
DA:1074,1
DA:1075,1
DA:1078,4
DA:1079,0
DA:1080,0
DA:1082,0
DA:1087,0
DA:1089,0
DA:1091,0
DA:1092,0
DA:1095,0
DA:1096,0
DA:1097,0
DA:1098,0
DA:1101,0
DA:1105,0
DA:1107,0
DA:1114,1
DA:1118,2
DA:1125,2
LF:383
LH:311
end_of_record
TN:
SF:lib/views/data/transactions.dart
FNF:0
FNH:0
DA:20,8
DA:21,8
DA:28,3
DA:30,3
DA:32,3
DA:34,4
DA:35,2
DA:36,3
DA:37,1
DA:42,3
DA:46,3
DA:48,3
DA:49,4
DA:50,4
DA:51,1
DA:52,2
DA:53,1
DA:54,2
DA:63,6
DA:64,6
DA:66,4
DA:68,4
DA:70,1
DA:71,2
DA:72,1
DA:74,2
DA:75,1
DA:76,0
DA:81,2
DA:82,2
DA:84,3
DA:85,4
DA:89,2
DA:90,1
DA:92,3
DA:113,2
DA:114,1
DA:119,0
DA:123,1
DA:127,0
DA:128,0
DA:134,4
DA:136,1
DA:143,6
DA:144,6
DA:147,3
DA:149,6
DA:152,3
DA:156,4
DA:157,1
DA:161,1
DA:164,1
DA:167,2
DA:168,3
DA:169,1
DA:171,3
DA:176,4
DA:177,3
DA:178,1
DA:181,1
DA:182,3
DA:185,2
DA:186,1
DA:187,2
DA:188,2
DA:189,2
DA:191,1
DA:192,4
DA:196,5
DA:199,1
DA:200,2
DA:201,2
DA:202,3
DA:209,1
DA:214,3
DA:217,5
DA:218,4
DA:219,3
DA:227,0
DA:231,0
DA:232,0
DA:233,0
DA:234,0
DA:237,0
DA:239,0
DA:242,0
DA:243,0
DA:244,0
DA:245,0
DA:249,0
DA:250,0
DA:257,1
DA:260,1
DA:261,2
DA:262,1
DA:263,2
DA:264,1
DA:265,2
DA:266,2
DA:268,4
DA:269,4
DA:270,4
DA:271,4
DA:272,4
DA:273,1
DA:276,1
DA:282,1
DA:283,1
DA:288,1
DA:289,2
DA:290,7
DA:291,3
DA:297,3
DA:300,3
DA:301,4
DA:302,1
DA:303,6
DA:304,2
DA:306,1
DA:307,2
DA:308,2
DA:310,4
DA:311,10
DA:312,4
DA:313,4
DA:314,4
DA:316,1
DA:319,1
DA:326,1
DA:331,2
DA:332,1
DA:333,1
DA:334,3
DA:339,0
DA:340,0
DA:365,1
DA:369,1
DA:371,2
DA:372,3
DA:373,6
DA:376,7
DA:377,1
DA:393,1
DA:396,1
DA:397,2
DA:398,4
DA:399,1
DA:400,4
DA:404,1
DA:405,4
LF:150
LH:131
end_of_record
TN:
SF:lib/views/data/transfer.dart
FNF:0
FNH:0
DA:11,1
DA:22,1
DA:23,2
DA:38,2
DA:39,3
DA:47,2
DA:55,2
DA:65,2
DA:73,2
DA:81,2
DA:88,2
DA:96,2
DA:97,3
DA:105,4
DA:115,2
DA:118,1
DA:119,2
DA:121,1
DA:122,1
DA:123,1
DA:124,2
DA:127,1
DA:128,2
DA:130,3
DA:131,1
DA:132,1
DA:133,1
DA:134,1
DA:135,1
DA:136,1
DA:137,1
DA:138,1
DA:139,1
DA:140,1
DA:146,1
DA:147,3
DA:150,1
DA:151,5
DA:152,1
DA:153,4
DA:158,1
DA:159,3
DA:162,1
DA:163,1
DA:166,1
DA:168,1
DA:169,0
DA:171,2
DA:173,1
DA:174,0
DA:175,0
DA:177,0
DA:182,3
DA:184,4
DA:186,2
DA:188,1
DA:189,1
DA:190,3
DA:199,1
DA:200,2
DA:205,1
DA:206,3
DA:211,1
DA:212,1
LF:64
LH:60
end_of_record
TN:
SF:lib/views/import/import_csv.dart
FNF:0
FNH:0
DA:10,1
DA:13,1
DA:14,1
DA:16,0
DA:18,0
DA:20,0
DA:26,0
DA:27,0
DA:28,0
DA:30,0
DA:35,0
DA:41,0
DA:47,0
DA:49,0
DA:50,0
DA:53,0
DA:54,0
DA:61,0
DA:63,0
DA:70,0
DA:71,0
DA:72,0
DA:78,1
DA:83,1
DA:84,1
DA:86,1
DA:87,1
DA:88,1
DA:90,1
DA:91,1
DA:92,1
DA:94,6
DA:100,3
DA:101,1
DA:103,4
DA:104,2
DA:112,3
DA:119,2
DA:120,1
DA:128,3
DA:140,2
DA:141,1
DA:146,3
LF:43
LH:24
end_of_record
TN:
SF:lib/views/import/import_data.dart
FNF:0
FNH:0
DA:24,5
DA:39,1
DA:40,1
DA:42,1
DA:65,1
DA:66,2
DA:67,1
DA:69,0
DA:70,0
DA:72,0
DA:76,1
DA:80,1
DA:81,2
DA:82,1
DA:83,4
DA:84,1
DA:86,1
DA:91,1
DA:92,3
DA:94,1
DA:96,1
DA:97,1
DA:101,0
DA:104,0
DA:111,0
DA:113,0
DA:114,0
DA:115,0
DA:120,1
DA:126,1
DA:129,2
DA:130,1
DA:131,1
DA:132,3
DA:133,2
DA:134,3
DA:140,4
DA:142,1
DA:144,1
DA:145,1
DA:146,1
DA:152,1
DA:158,1
DA:159,1
DA:160,2
DA:161,1
DA:162,1
DA:164,2
DA:165,2
DA:166,2
DA:168,1
DA:171,1
DA:173,4
LF:53
LH:44
end_of_record
TN:
SF:lib/views/import/import_investment.dart
FNF:0
FNH:0
DA:13,1
DA:14,1
DA:15,3
DA:16,1
DA:18,3
DA:26,2
DA:27,1
DA:30,1
DA:31,1
DA:33,1
DA:34,1
DA:35,2
DA:41,1
DA:45,1
DA:47,1
DA:49,1
DA:52,3
DA:53,1
DA:57,3
DA:58,2
DA:62,2
DA:63,4
DA:64,3
DA:65,3
DA:66,4
DA:67,3
DA:68,2
DA:71,3
DA:77,1
DA:78,1
DA:79,2
DA:80,1
DA:81,1
DA:82,2
DA:83,3
DA:86,3
DA:91,3
DA:94,2
DA:95,2
LF:39
LH:39
end_of_record
TN:
SF:lib/views/import/import_investment_panel.dart
FNF:0
FNH:0
DA:14,1
DA:39,1
DA:43,1
DA:44,1
DA:48,2
DA:49,4
DA:52,2
DA:53,4
DA:56,2
DA:57,4
DA:60,2
DA:61,4
DA:64,2
DA:65,4
DA:70,1
DA:72,1
DA:73,3
DA:74,3
DA:75,3
DA:76,3
DA:77,3
DA:80,1
DA:82,2
DA:83,2
DA:84,2
DA:85,2
DA:86,2
DA:87,1
DA:90,1
DA:92,1
DA:93,1
DA:94,1
DA:95,1
DA:96,1
DA:97,1
DA:100,1
DA:102,1
DA:104,2
DA:108,1
DA:110,1
DA:111,3
DA:112,0
DA:114,0
DA:121,1
DA:123,1
DA:124,4
DA:125,0
DA:127,0
DA:134,1
DA:136,1
DA:137,3
DA:138,0
DA:139,0
DA:145,1
DA:147,1
DA:148,3
DA:149,0
DA:151,0
DA:158,2
DA:161,2
DA:164,1
DA:166,1
DA:170,1
DA:172,1
DA:176,1
DA:178,1
DA:188,0
DA:189,0
DA:192,0
DA:193,0
DA:196,0
DA:197,0
DA:198,0
DA:199,0
DA:200,0
DA:201,0
LF:76
LH:58
end_of_record
TN:
SF:lib/views/import/import_qfx.dart
FNF:0
FNH:0
DA:12,0
DA:16,0
DA:18,0
DA:23,2
DA:24,2
DA:26,2
DA:28,4
DA:30,2
DA:31,8
DA:32,2
DA:35,4
DA:36,2
DA:38,1
DA:47,2
DA:58,2
DA:59,6
DA:60,6
DA:61,4
DA:64,2
DA:70,1
DA:71,1
DA:72,1
DA:73,1
DA:74,5
DA:76,0
DA:77,0
DA:79,0
DA:80,0
DA:82,0
DA:83,0
DA:85,0
DA:86,0
DA:87,0
DA:89,0
DA:90,0
DA:91,0
DA:92,0
DA:93,0
DA:94,0
DA:95,0
DA:96,0
DA:97,0
DA:98,0
DA:99,0
DA:100,0
DA:102,0
DA:105,0
DA:106,0
DA:112,3
DA:113,3
DA:115,3
DA:117,3
DA:123,3
DA:127,6
DA:129,3
DA:133,0
DA:136,3
DA:137,3
DA:139,6
DA:140,3
DA:142,3
DA:148,3
DA:149,3
DA:150,3
DA:152,3
DA:153,3
DA:155,2
DA:156,3
DA:157,3
DA:159,3
DA:160,3
DA:161,3
DA:162,3
DA:164,3
DA:171,3
DA:176,3
DA:177,6
DA:178,3
DA:179,3
DA:184,3
DA:185,6
DA:186,3
DA:189,3
DA:190,6
DA:191,3
DA:193,6
DA:194,3
DA:196,3
LF:88
LH:60
end_of_record
TN:
SF:lib/views/import/import_qif.dart
FNF:0
FNH:0
DA:14,0
DA:15,0
DA:18,0
DA:19,0
DA:20,0
DA:21,0
DA:22,0
DA:23,0
DA:26,0
DA:27,0
DA:28,0
DA:32,1
DA:33,1
DA:35,1
DA:37,2
DA:38,1
DA:41,2
DA:43,1
DA:46,2
DA:47,1
DA:48,1
DA:50,1
DA:52,1
DA:53,1
DA:56,1
DA:60,1
DA:61,1
DA:62,3
DA:64,1
DA:65,1
DA:67,2
DA:69,1
DA:71,2
DA:73,1
DA:75,2
DA:77,1
DA:79,2
DA:81,1
DA:83,2
DA:85,1
DA:86,1
DA:87,2
LF:42
LH:31
end_of_record
TN:
SF:lib/views/import/import_transactions_from_text.dart
FNF:0
FNH:0
DA:12,1
DA:18,3
DA:20,1
DA:25,1
DA:27,1
DA:29,1
DA:30,1
DA:31,0
DA:34,1
DA:36,2
DA:37,1
DA:38,1
DA:40,3
DA:41,2
DA:42,2
DA:44,1
DA:47,1
DA:49,2
DA:52,2
DA:58,1
DA:62,1
DA:64,1
DA:65,1
DA:66,1
DA:67,1
DA:70,0
DA:72,0
DA:74,1
DA:75,2
DA:86,1
DA:90,1
DA:91,0
DA:98,2
DA:99,3
DA:104,2
DA:106,1
LF:36
LH:32
end_of_record
TN:
SF:lib/views/import/import_transactions_list_preview.dart
FNF:0
FNH:0
DA:17,1
DA:26,1
DA:27,1
DA:31,2
DA:32,1
DA:33,1
DA:34,1
DA:42,1
DA:44,1
DA:45,1
DA:46,2
DA:47,2
DA:49,1
DA:55,3
DA:57,3
DA:63,1
DA:65,3
DA:66,1
DA:69,1
DA:73,1
DA:75,1
DA:76,1
DA:79,1
DA:81,0
DA:82,0
DA:83,0
DA:85,1
DA:86,1
DA:90,1
DA:95,1
DA:96,1
DA:97,1
DA:98,3
DA:99,5
DA:106,1
DA:107,2
DA:109,1
DA:111,1
DA:112,1
DA:113,4
DA:122,1
DA:123,1
DA:124,1
DA:125,1
DA:126,5
DA:137,1
DA:138,3
DA:139,6
DA:140,4
DA:141,1
DA:142,0
DA:144,1
DA:147,1
DA:149,3
DA:150,3
DA:155,1
DA:156,1
DA:157,2
DA:158,1
DA:160,1
DA:161,2
DA:162,2
DA:164,3
DA:165,3
DA:166,3
DA:167,1
DA:168,1
DA:170,1
DA:173,0
DA:181,1
DA:185,1
DA:186,3
DA:188,1
DA:189,1
DA:190,2
DA:192,0
DA:201,1
DA:202,3
DA:203,1
DA:204,1
DA:205,1
DA:207,3
DA:209,1
DA:210,1
DA:211,1
DA:213,1
DA:214,1
DA:215,1
DA:216,1
DA:222,1
DA:223,5
DA:226,0
DA:227,0
DA:228,0
DA:229,0
DA:231,0
DA:233,0
LF:97
LH:85
end_of_record
TN:
SF:lib/views/import/import_transactions_panel.dart
FNF:0
FNH:0
DA:17,1
DA:30,1
DA:31,1
DA:68,3
DA:70,1
DA:72,1
DA:73,3
DA:74,3
DA:75,3
DA:78,1
DA:80,1
DA:83,1
DA:85,1
DA:86,2
DA:87,1
DA:89,1
DA:95,3
DA:97,3
DA:102,1
DA:103,1
DA:104,1
DA:105,1
DA:106,1
DA:108,1
DA:110,1
DA:111,1
DA:113,1
DA:115,1
DA:117,1
DA:118,1
DA:119,1
DA:120,2
DA:121,2
DA:123,2
DA:124,1
DA:125,2
DA:126,1
DA:127,1
DA:136,2
DA:137,1
DA:139,1
DA:140,1
DA:141,1
DA:143,1
DA:144,1
DA:145,1
DA:150,1
DA:151,1
DA:154,1
DA:156,1
DA:157,1
DA:158,2
DA:159,1
DA:170,1
DA:172,1
DA:173,2
DA:174,1
DA:177,1
DA:178,1
DA:179,4
DA:180,2
DA:182,1
DA:183,2
DA:184,3
DA:189,1
DA:190,1
DA:191,1
DA:195,1
DA:196,2
DA:198,2
DA:201,1
DA:207,2
DA:209,2
DA:213,2
DA:218,1
DA:221,0
DA:222,0
DA:225,0
DA:226,0
DA:230,1
DA:231,3
DA:233,1
DA:236,0
DA:237,0
DA:238,0
DA:239,0
DA:241,0
DA:243,0
DA:245,0
DA:248,0
DA:249,0
DA:250,0
DA:251,0
DA:252,0
DA:258,1
DA:259,2
DA:263,6
DA:265,1
DA:269,1
DA:270,1
DA:272,1
DA:273,3
DA:279,0
DA:280,0
DA:283,0
DA:284,0
DA:285,0
DA:287,0
DA:288,0
DA:290,0
DA:292,0
DA:293,0
DA:298,0
DA:299,0
DA:300,0
DA:301,0
DA:302,0
DA:308,1
DA:309,1
DA:310,1
DA:315,1
DA:316,0
DA:317,0
DA:318,0
DA:319,0
DA:325,1
DA:326,1
DA:329,1
DA:330,1
DA:332,3
DA:334,1
DA:335,1
DA:336,1
DA:337,1
DA:338,0
DA:339,0
DA:340,0
DA:341,0
LF:138
LH:99
end_of_record
TN:
SF:lib/views/import/import_transfer.dart
FNF:0
FNH:0
DA:10,1
DA:11,1
DA:12,3
DA:13,3
DA:14,1
DA:20,2
DA:21,1
DA:24,1
DA:25,1
DA:27,1
DA:28,1
DA:29,2
DA:35,1
DA:39,1
DA:41,1
DA:43,1
DA:44,1
DA:45,1
DA:53,0
DA:54,0
DA:56,0
DA:57,0
DA:58,0
DA:59,0
DA:61,0
DA:62,0
DA:65,0
DA:71,0
DA:73,0
DA:77,0
DA:78,0
LF:31
LH:18
end_of_record
TN:
SF:lib/views/import/import_transfer_panel.dart
FNF:0
FNH:0
DA:14,1
DA:31,4
DA:36,1
DA:40,1
DA:41,1
DA:45,2
DA:46,4
DA:49,2
DA:50,4
DA:55,1
DA:57,1
DA:58,3
DA:59,3
DA:62,1
DA:64,2
DA:65,2
DA:66,1
DA:69,1
DA:71,3
DA:73,1
DA:74,0
DA:75,1
DA:76,1
DA:77,1
DA:78,1
DA:79,1
DA:82,1
DA:84,1
DA:86,2
DA:90,1
DA:92,1
DA:93,3
DA:94,0
DA:95,0
DA:97,0
DA:104,5
DA:105,1
DA:107,1
DA:109,1
DA:110,3
DA:111,0
DA:112,0
DA:114,0
DA:121,5
DA:122,1
DA:125,1
DA:132,0
DA:134,0
DA:135,0
DA:136,0
DA:138,0
DA:146,0
DA:148,0
DA:149,0
DA:150,0
DA:152,0
DA:160,0
DA:162,0
DA:167,0
DA:169,0
DA:179,0
DA:180,0
DA:183,0
DA:184,0
DA:187,0
DA:188,0
DA:189,0
LF:67
LH:39
end_of_record
TN:
SF:lib/views/import/import_wizard.dart
FNF:0
FNH:0
DA:15,2
DA:16,4
DA:18,2
DA:22,2
DA:23,2
DA:26,2
DA:27,2
DA:28,2
DA:31,1
DA:32,2
DA:33,1
DA:36,2
DA:40,1
DA:41,2
DA:42,1
DA:45,2
DA:48,1
DA:49,2
DA:50,1
DA:53,2
DA:56,1
DA:57,2
DA:58,1
DA:67,1
DA:68,2
DA:72,1
DA:73,4
DA:74,1
DA:75,0
DA:77,1
DA:78,0
DA:80,1
DA:81,5
DA:83,1
DA:84,5
LF:35
LH:33
end_of_record
TN:
SF:lib/views/import/import_xlsx.dart
FNF:0
FNH:0
DA:14,1
DA:16,1
DA:17,1
DA:18,0
DA:20,0
DA:21,0
DA:25,0
DA:26,0
DA:30,0
DA:32,0
DA:35,0
DA:38,0
DA:42,0
DA:43,0
DA:44,0
DA:45,0
DA:46,0
DA:47,0
DA:48,0
DA:49,0
DA:50,0
DA:52,0
DA:53,0
DA:54,0
DA:57,0
DA:61,0
DA:62,0
DA:63,0
DA:66,0
DA:67,0
DA:73,0
DA:76,0
DA:77,0
DA:78,0
DA:80,0
DA:81,0
DA:82,0
DA:83,0
DA:84,0
DA:87,0
DA:88,0
DA:89,0
DA:93,0
DA:95,0
DA:98,0
DA:99,0
DA:100,0
DA:101,0
DA:103,0
DA:107,0
DA:110,0
DA:112,0
DA:113,0
DA:115,0
DA:121,0
DA:122,0
DA:123,0
DA:124,0
DA:125,0
DA:126,0
DA:127,0
DA:128,0
DA:129,0
DA:130,0
DA:131,0
DA:134,0
DA:135,0
DA:137,0
DA:138,0
DA:140,0
DA:141,0
DA:143,0
DA:147,0
DA:150,0
DA:151,0
DA:152,0
DA:153,0
DA:154,0
DA:160,0
DA:161,0
DA:163,0
DA:164,0
DA:165,0
DA:168,0
DA:169,0
DA:170,0
DA:176,0
DA:177,0
DA:179,0
DA:180,0
DA:181,0
DA:187,0
DA:188,0
DA:189,0
DA:190,0
DA:194,0
DA:196,0
DA:199,0
DA:206,0
DA:207,0
DA:209,0
DA:210,0
DA:213,0
DA:214,0
DA:216,0
DA:221,0
DA:223,0
DA:224,0
DA:230,0
DA:232,0
DA:239,0
DA:240,0
DA:241,0
DA:243,0
DA:248,0
DA:253,0
DA:254,0
DA:259,0
DA:264,0
DA:265,0
DA:267,0
DA:268,0
DA:269,0
DA:271,0
DA:272,0
DA:273,0
DA:274,0
DA:276,0
DA:277,0
DA:278,0
DA:280,0
DA:282,0
DA:283,0
DA:291,0
DA:292,0
DA:293,0
DA:295,0
DA:296,0
DA:297,0
DA:298,0
DA:303,0
DA:304,0
DA:305,0
DA:307,0
DA:311,0
DA:316,0
DA:317,0
DA:321,0
DA:322,0
DA:323,0
DA:329,0
DA:330,0
DA:332,0
DA:333,0
DA:337,0
DA:338,0
DA:342,0
DA:343,0
DA:345,0
DA:346,0
DA:351,0
DA:363,0
DA:364,0
DA:374,0
DA:375,0
DA:376,0
DA:382,0
DA:388,0
DA:389,0
DA:391,0
DA:392,0
DA:393,0
DA:396,0
DA:399,0
DA:407,0
DA:408,0
DA:410,0
DA:411,0
DA:412,0
DA:415,0
DA:418,0
DA:426,0
DA:427,0
DA:429,0
DA:430,0
DA:431,0
DA:434,0
LF:187
LH:3
end_of_record
TN:
SF:lib/views/models/account.dart
FNF:0
FNH:0
DA:23,1
DA:26,1
DA:27,1
DA:28,3
DA:29,3
DA:30,3
DA:31,3
DA:32,3
DA:33,4
DA:34,4
DA:35,3
DA:39,3
DA:40,3
DA:41,3
DA:42,3
DA:43,3
DA:44,3
DA:45,3
DA:46,3
DA:48,1
DA:50,3
DA:52,1
DA:64,3
DA:65,3
DA:66,0
DA:67,0
DA:74,1
DA:76,1
DA:77,1
DA:78,1
DA:88,1
DA:90,1
DA:91,3
DA:104,4
DA:105,3
DA:106,2
DA:108,3
DA:118,4
DA:119,3
DA:120,2
DA:122,3
DA:133,3
DA:144,2
DA:145,1
DA:147,2
DA:148,0
DA:149,0
DA:150,0
DA:151,0
DA:152,0
DA:162,0
DA:163,0
DA:164,3
DA:165,3
DA:173,3
DA:174,3
DA:180,2
DA:188,2
DA:189,0
DA:190,0
DA:191,0
DA:202,2
DA:203,2
DA:205,2
DA:206,2
DA:214,3
DA:215,2
DA:216,2
DA:227,4
DA:228,3
DA:229,0
DA:230,2
DA:231,2
DA:232,2
DA:242,0
DA:243,0
DA:244,0
DA:245,0
DA:253,0
DA:261,3
DA:262,1
DA:263,3
DA:271,0
DA:276,3
DA:284,1
DA:286,3
DA:298,4
DA:299,4
DA:301,1
DA:305,1
DA:306,2
DA:307,1
DA:308,2
DA:309,1
DA:313,0
DA:314,0
DA:321,1
DA:322,2
DA:323,2
DA:325,0
DA:326,0
DA:327,0
DA:337,3
DA:338,3
DA:346,1
DA:350,3
DA:351,1
DA:352,2
DA:355,1
DA:356,1
DA:357,1
DA:358,1
DA:359,1
DA:360,1
DA:361,1
DA:362,2
DA:363,2
DA:367,3
DA:373,1
DA:374,2
DA:375,3
DA:376,2
DA:382,1
DA:383,2
DA:385,1
DA:387,2
DA:390,1
DA:391,2
DA:393,1
DA:394,2
DA:396,3
DA:397,3
DA:399,1
DA:400,2
DA:401,2
DA:402,3
DA:403,1
DA:404,1
DA:405,1
DA:406,1
DA:407,1
DA:408,1
DA:409,1
DA:410,1
DA:411,1
DA:412,1
DA:413,1
DA:414,1
DA:415,1
DA:416,1
DA:417,1
DA:418,1
DA:419,1
DA:420,1
DA:421,1
DA:422,1
DA:423,1
DA:424,1
DA:427,1
DA:430,1
DA:431,2
DA:432,2
DA:433,3
DA:434,1
DA:435,1
DA:436,1
DA:437,1
DA:438,1
DA:439,1
DA:440,1
DA:441,1
DA:442,1
DA:445,1
DA:448,1
DA:449,3
DA:452,0
DA:453,0
DA:456,1
DA:457,4
DA:460,1
DA:461,2
DA:464,0
DA:465,0
DA:468,1
DA:469,3
DA:472,0
DA:473,0
DA:474,0
DA:475,0
DA:478,1
DA:479,2
DA:482,1
DA:483,4
DA:486,1
DA:487,6
DA:490,1
DA:491,3
DA:492,3
DA:493,3
DA:496,1
DA:497,2
DA:500,1
DA:503,1
DA:504,1
DA:507,1
DA:509,5
DA:511,0
DA:515,1
DA:516,1
DA:518,1
DA:520,3
LF:211
LH:178
end_of_record
TN:
SF:lib/views/models/account_alias.dart
FNF:0
FNH:0
DA:15,1
DA:20,1
DA:22,1
DA:23,4
DA:24,3
DA:25,3
DA:26,3
DA:34,2
DA:40,1
DA:41,2
DA:43,1
DA:45,5
DA:48,1
DA:49,2
DA:51,1
DA:52,2
DA:54,3
DA:56,1
DA:57,2
DA:58,2
DA:59,3
DA:60,1
DA:61,1
DA:62,1
DA:63,1
DA:66,1
LF:26
LH:26
end_of_record
TN:
SF:lib/views/models/account_aliases.dart
FNF:0
FNH:0
DA:6,8
DA:7,8
DA:10,1
DA:12,1
LF:4
LH:4
end_of_record
TN:
SF:lib/views/models/alias_types.dart
FNF:0
FNH:0
DA:6,1
DA:8,1
DA:10,1
LF:3
LH:3
end_of_record
TN:
SF:lib/views/models/currencies.dart
FNF:0
FNH:0
DA:8,8
DA:9,8
DA:12,1
DA:14,1
DA:17,3
DA:19,6
DA:25,0
DA:26,0
DA:30,0
DA:33,1
DA:34,2
DA:35,4
DA:39,1
DA:40,1
DA:44,2
LF:15
LH:12
end_of_record
TN:
SF:lib/views/models/currency.dart
FNF:0
FNH:0
DA:16,1
DA:24,2
DA:25,2
DA:26,2
DA:27,2
DA:28,2
DA:29,2
DA:33,1
DA:34,1
DA:36,2
DA:38,1
DA:40,1
DA:42,1
DA:44,1
DA:46,1
DA:55,0
DA:56,3
DA:61,2
DA:68,0
DA:69,3
DA:77,0
DA:78,3
DA:85,0
DA:86,3
DA:93,0
DA:94,3
DA:98,1
DA:99,2
DA:101,1
DA:103,2
DA:106,1
DA:107,2
DA:109,1
DA:110,2
DA:112,3
DA:114,1
DA:115,2
DA:116,2
DA:117,3
DA:118,1
DA:119,1
DA:120,1
DA:121,1
DA:122,1
DA:123,1
DA:126,1
LF:46
LH:41
end_of_record
TN:
SF:lib/views/models/money_objects.dart
FNF:0
FNH:0
DA:18,8
DA:25,5
DA:28,10
DA:29,15
DA:32,4
DA:36,16
DA:39,8
DA:41,4
DA:43,4
DA:51,4
DA:52,8
DA:55,0
DA:56,0
DA:60,2
DA:61,2
DA:68,1
DA:69,2
DA:70,1
DA:73,3
DA:76,1
DA:77,2
DA:78,2
DA:83,3
DA:88,3
DA:92,3
DA:94,3
DA:95,2
DA:98,2
DA:101,2
DA:102,1
DA:103,1
DA:113,3
DA:116,1
DA:120,1
DA:122,2
DA:123,1
DA:124,3
DA:127,1
DA:130,3
DA:131,7
DA:132,3
DA:134,3
DA:137,1
DA:138,6
DA:141,4
DA:142,4
DA:143,7
DA:144,6
DA:146,4
DA:150,0
DA:151,0
DA:152,0
DA:155,4
DA:156,8
DA:159,1
DA:163,2
DA:166,4
DA:169,7
DA:170,14
DA:173,0
DA:174,0
DA:177,4
DA:178,4
DA:179,6
DA:180,2
DA:181,2
DA:185,0
DA:186,0
DA:193,3
DA:197,1
DA:198,2
DA:199,1
DA:200,1
DA:202,1
DA:203,2
DA:205,1
DA:206,1
DA:208,1
DA:209,1
DA:212,1
DA:213,2
DA:216,0
DA:218,1
DA:224,1
DA:230,2
DA:232,1
DA:234,1
DA:241,1
DA:246,2
DA:247,1
DA:248,1
DA:249,3
DA:255,3
DA:256,6
DA:259,1
DA:266,3
DA:267,2
DA:268,2
DA:269,1
DA:270,2
DA:271,1
DA:273,1
DA:276,1
DA:277,1
DA:278,2
DA:279,1
DA:281,1
DA:283,2
DA:285,1
DA:290,1
DA:291,1
DA:292,2
DA:293,1
DA:294,1
DA:295,1
DA:297,1
DA:299,1
DA:305,1
DA:306,1
DA:307,1
DA:309,1
DA:311,3
DA:317,1
DA:318,1
DA:320,1
DA:322,3
DA:323,3
DA:330,1
DA:331,1
DA:333,1
DA:334,1
DA:336,1
DA:337,1
DA:338,1
DA:341,1
DA:343,1
DA:344,2
DA:350,1
DA:351,1
DA:353,1
DA:366,7
DA:371,3
DA:373,14
DA:374,12
DA:379,1
DA:386,1
DA:387,3
LF:147
LH:137
end_of_record
TN:
SF:lib/views/models/online_account.dart
FNF:0
FNH:0
DA:30,1
DA:44,2
DA:48,1
DA:49,1
DA:51,1
DA:53,1
DA:55,1
DA:57,1
DA:59,1
DA:61,1
DA:63,1
DA:65,1
DA:67,1
DA:69,1
DA:71,1
DA:73,1
DA:74,4
DA:91,2
DA:97,3
DA:122,1
DA:123,2
DA:125,3
DA:126,1
DA:127,2
DA:128,2
DA:129,5
DA:132,1
DA:135,1
DA:136,2
DA:138,1
DA:139,2
LF:31
LH:31
end_of_record
TN:
SF:lib/views/models/online_accounts.dart
FNF:0
FNH:0
DA:6,8
DA:7,8
DA:10,3
DA:12,3
DA:13,4
DA:14,2
DA:18,3
DA:20,6
LF:8
LH:8
end_of_record
TN:
SF:lib/views/models/rental_unit.dart
FNF:0
FNH:0
DA:15,1
DA:17,1
DA:18,1
DA:19,4
DA:20,3
DA:21,4
DA:22,3
DA:23,3
DA:35,0
DA:41,2
DA:49,3
DA:57,3
DA:65,3
DA:69,1
DA:70,2
DA:72,1
DA:73,2
DA:75,0
DA:76,0
DA:78,3
DA:80,1
DA:81,2
DA:82,2
DA:83,3
DA:84,1
DA:85,1
DA:86,1
DA:87,1
DA:88,1
DA:91,1
LF:30
LH:27
end_of_record
TN:
SF:lib/views/models/rental_units.dart
FNF:0
FNH:0
DA:6,8
DA:7,8
DA:10,1
DA:12,1
LF:4
LH:4
end_of_record
TN:
SF:lib/views/models/transaction_extras/transaction_extra.dart
FNF:0
FNH:0
DA:15,2
DA:25,4
DA:26,4
DA:27,4
DA:28,4
DA:31,2
DA:32,2
DA:34,4
DA:36,4
DA:38,2
DA:40,2
DA:49,2
DA:55,3
DA:61,0
DA:67,0
DA:71,1
DA:72,2
DA:74,2
DA:75,4
DA:77,0
DA:78,0
DA:80,3
DA:82,1
DA:83,2
DA:84,1
DA:85,1
DA:87,3
DA:88,1
DA:89,1
DA:90,1
DA:91,1
DA:94,1
LF:32
LH:28
end_of_record
TN:
SF:lib/views/models/transaction_extras/transaction_extras.dart
FNF:0
FNH:0
DA:6,8
DA:7,8
DA:10,2
DA:12,2
LF:4
LH:4
end_of_record
TN:
SF:lib/views/panels/pending_changes/badge_pending_changes.dart
FNF:0
FNH:0
DA:10,1
DA:21,1
DA:23,6
DA:28,1
DA:29,1
DA:30,1
DA:31,1
DA:34,1
DA:35,1
DA:39,1
DA:40,1
DA:42,1
DA:47,1
DA:52,1
DA:54,3
DA:58,1
DA:59,1
DA:60,1
DA:62,3
DA:63,5
DA:64,1
DA:65,1
DA:67,4
DA:68,1
DA:73,5
DA:74,1
DA:75,1
DA:77,4
DA:78,1
DA:83,5
DA:84,1
DA:85,1
DA:87,4
DA:88,1
DA:93,1
DA:97,1
DA:98,1
DA:99,4
DA:101,10
LF:39
LH:39
end_of_record
TN:
SF:lib/views/panels/pending_changes/pending_changes_dialog.dart
FNF:0
FNH:0
DA:18,1
DA:20,1
DA:21,1
DA:26,1
DA:27,1
DA:36,1
DA:37,1
DA:39,0
DA:40,0
DA:41,0
DA:44,1
DA:46,1
DA:47,2
DA:48,2
DA:82,1
DA:84,1
DA:85,1
DA:88,1
DA:90,1
DA:93,3
DA:94,1
DA:97,1
DA:98,1
DA:99,1
DA:100,1
DA:101,1
DA:102,1
DA:103,1
DA:110,1
DA:111,1
DA:112,1
DA:113,1
DA:114,1
DA:115,3
DA:116,3
DA:117,3
DA:119,1
DA:120,1
DA:121,2
DA:122,1
DA:130,1
DA:131,4
DA:132,0
DA:135,3
DA:137,1
DA:138,2
DA:139,1
DA:140,2
DA:142,1
DA:149,1
DA:150,1
DA:152,1
DA:154,1
DA:155,1
DA:157,2
DA:164,1
DA:165,1
DA:167,4
DA:168,2
DA:169,1
DA:171,1
DA:172,1
DA:173,4
DA:174,1
DA:175,2
DA:176,2
DA:177,1
DA:178,2
DA:179,1
DA:186,1
DA:189,1
DA:193,1
DA:194,2
DA:195,1
DA:197,2
DA:198,1
DA:201,3
DA:202,4
DA:203,1
DA:215,1
DA:240,1
DA:241,2
DA:242,0
DA:244,4
DA:248,1
DA:249,1
DA:250,4
DA:252,2
DA:253,4
LF:89
LH:84
end_of_record
TN:
SF:lib/views/panels/platforms/platforms_page.dart
FNF:0
FNH:0
DA:5,1
DA:7,1
DA:8,1
DA:9,1
DA:10,1
DA:11,1
DA:13,1
DA:14,1
DA:15,1
DA:16,1
DA:22,1
DA:28,1
DA:35,1
DA:41,1
DA:48,1
DA:61,1
DA:66,1
DA:67,1
DA:70,0
DA:71,0
DA:73,1
DA:75,1
DA:76,1
DA:78,1
DA:80,2
DA:81,3
LF:26
LH:24
end_of_record
TN:
SF:lib/views/panels/platforms/platforms_routes.dart
FNF:0
FNH:0
DA:7,0
DA:11,3
DA:12,1
DA:14,1
LF:4
LH:3
end_of_record
TN:
SF:lib/views/panels/policies/policy_page.dart
FNF:0
FNH:0
DA:7,1
DA:9,1
DA:11,1
DA:12,1
DA:13,1
DA:14,2
LF:6
LH:6
end_of_record
TN:
SF:lib/views/panels/policies/policy_routes.dart
FNF:0
FNH:0
DA:6,0
DA:8,3
DA:9,1
DA:11,1
LF:4
LH:3
end_of_record
TN:
SF:lib/views/panels/policies/view_policy.dart
FNF:0
FNH:0
DA:6,1
DA:8,1
DA:10,1
DA:11,1
DA:13,2
DA:18,1
LF:6
LH:6
end_of_record
TN:
SF:lib/views/panels/settings/settings_page.dart
FNF:0
FNH:0
DA:16,1
DA:18,1
DA:20,1
DA:22,1
DA:23,1
DA:24,1
DA:25,1
DA:26,1
DA:27,1
DA:28,1
DA:33,2
DA:34,1
DA:35,4
DA:39,1
DA:41,4
DA:44,1
DA:53,1
DA:54,1
DA:56,4
DA:57,1
DA:58,1
DA:59,1
DA:60,2
DA:61,3
DA:66,1
DA:67,1
DA:68,1
DA:70,1
DA:71,3
DA:72,3
DA:75,1
DA:77,1
DA:78,4
DA:79,3
DA:88,1
LF:35
LH:35
end_of_record
TN:
SF:lib/views/panels/settings/settings_routes.dart
FNF:0
FNH:0
DA:7,0
DA:11,3
DA:12,1
DA:14,1
LF:4
LH:3
end_of_record
TN:
SF:lib/views/panels/side_panel/side_panel.dart
FNF:0
FNH:0
DA:10,1
DA:39,1
DA:40,1
DA:44,1
DA:46,4
DA:47,2
DA:49,2
DA:52,1
DA:54,1
DA:55,2
DA:56,1
DA:57,3
DA:58,3
DA:59,3
DA:66,1
DA:67,2
DA:69,1
DA:74,2
DA:75,1
DA:77,1
DA:78,1
DA:79,2
DA:80,2
DA:83,2
DA:84,2
DA:86,1
DA:89,2
DA:93,3
DA:94,2
DA:97,2
DA:98,2
DA:101,2
DA:103,2
DA:104,1
DA:105,3
DA:106,2
LF:36
LH:36
end_of_record
TN:
SF:lib/views/panels/side_panel/side_panel_header.dart
FNF:0
FNH:0
DA:11,1
DA:42,1
DA:44,1
DA:45,1
DA:46,1
DA:47,0
DA:48,0
DA:50,1
DA:52,1
DA:54,1
DA:55,1
DA:56,1
DA:58,4
DA:59,1
DA:60,1
DA:69,1
DA:70,2
DA:73,2
DA:77,3
DA:78,3
DA:81,1
DA:83,1
DA:84,1
DA:86,3
DA:88,1
DA:90,3
DA:93,1
DA:94,0
DA:95,0
DA:100,1
DA:101,1
DA:103,1
DA:104,3
DA:106,2
DA:111,1
DA:112,3
DA:116,3
DA:118,1
DA:120,1
DA:121,3
DA:124,1
DA:129,3
DA:132,1
DA:137,3
DA:140,1
DA:145,3
DA:148,1
DA:154,2
DA:155,1
DA:156,1
DA:157,0
DA:159,3
LF:52
LH:47
end_of_record
TN:
SF:lib/views/panels/side_panel/side_panel_support.dart
FNF:0
FNH:0
DA:5,1
DA:13,2
DA:14,2
DA:15,2
DA:16,2
DA:17,2
DA:48,1
DA:54,1
DA:55,2
DA:58,1
DA:59,1
DA:62,2
DA:64,2
DA:68,1
DA:69,1
DA:72,2
DA:74,2
DA:78,1
DA:79,1
DA:81,2
DA:83,2
LF:21
LH:21
end_of_record
TN:
SF:lib/views/panels/splash_page.dart
FNF:0
FNH:0
DA:13,2
DA:15,1
DA:17,1
DA:18,1
DA:19,1
DA:21,1
DA:22,1
DA:24,1
LF:8
LH:8
end_of_record
TN:
SF:lib/views/panels/transaction_timeline_chart.dart
FNF:0
FNH:0
DA:12,1
DA:16,1
DA:17,1
DA:25,1
DA:27,3
DA:31,1
DA:33,1
DA:34,1
DA:35,1
DA:37,1
DA:38,1
DA:39,1
DA:40,0
DA:41,0
DA:42,0
DA:45,2
DA:48,1
DA:50,2
DA:52,1
DA:54,1
DA:55,1
DA:57,0
DA:58,0
DA:63,1
DA:64,1
DA:66,1
DA:73,1
DA:74,1
DA:76,1
DA:77,0
DA:78,0
DA:79,0
DA:83,1
DA:84,0
DA:85,0
DA:86,0
DA:90,1
DA:91,0
DA:92,0
DA:93,0
DA:97,1
DA:98,1
DA:99,2
DA:100,3
DA:105,0
[...]
TN:
SF:lib/widgets/message_box.dart
FNF:0
FNH:0
DA:5,0
DA:6,0
DA:8,0
DA:9,0
DA:10,0
DA:11,0
DA:12,0
DA:13,0
DA:21,0
DA:23,0
DA:28,0
DA:30,0
DA:31,0
DA:32,0
DA:33,0
DA:34,0
DA:35,0
DA:36,0
DA:37,0
DA:38,0
DA:40,0
DA:41,0
LF:22
LH:0
end_of_record
TN:
SF:lib/widgets/mini_timeline_daily.dart
FNF:0
FNH:0
DA:10,1
DA:36,1
DA:38,1
DA:39,1
DA:40,4
DA:43,1
DA:44,2
DA:48,2
DA:49,3
DA:51,2
DA:53,1
DA:54,2
DA:55,2
DA:57,1
DA:58,1
DA:59,4
DA:60,1
DA:61,3
DA:62,1
DA:63,4
DA:65,5
DA:71,1
LF:22
LH:22
end_of_record
TN:
SF:lib/widgets/mini_timeline_twelve_months.dart
FNF:0
FNH:0
DA:8,1
DA:17,1
DA:19,1
DA:20,1
DA:21,1
DA:23,2
DA:25,2
DA:26,3
DA:29,2
DA:30,2
DA:31,3
DA:32,1
DA:33,1
DA:35,1
DA:36,4
DA:42,1
DA:43,1
DA:44,1
DA:45,1
DA:52,1
DA:54,1
DA:55,1
DA:56,1
DA:57,1
DA:58,1
DA:59,1
DA:60,1
DA:61,1
DA:62,1
DA:63,1
DA:64,1
DA:65,1
DA:66,1
DA:75,1
DA:76,1
LF:35
LH:35
end_of_record
TN:
SF:lib/widgets/my_banner.dart
FNF:0
FNH:0
DA:6,1
DA:11,1
DA:13,1
DA:15,1
DA:16,3
DA:17,1
DA:18,0
DA:19,0
DA:20,0
LF:9
LH:6
end_of_record
TN:
SF:lib/widgets/my_segment.dart
FNF:0
FNH:0
DA:5,2
DA:15,2
DA:17,2
DA:18,2
DA:26,2
DA:27,1
DA:28,2
DA:33,0
DA:35,0
DA:36,0
DA:37,0
DA:38,0
DA:39,0
DA:40,0
DA:42,0
DA:46,0
DA:48,0
DA:50,0
DA:57,0
DA:58,0
DA:60,0
DA:61,0
DA:62,0
DA:63,0
DA:66,0
DA:68,0
LF:26
LH:7
end_of_record
TN:
SF:lib/widgets/my_svg.dart
FNF:0
FNH:0
DA:5,2
DA:18,2
DA:20,2
DA:21,4
DA:22,2
DA:23,2
DA:24,4
LF:7
LH:7
end_of_record
TN:
SF:lib/widgets/my_text_input.dart
FNF:0
FNH:0
DA:4,1
DA:14,1
DA:16,1
DA:33,1
DA:35,1
DA:36,1
DA:37,1
DA:38,1
DA:39,1
DA:40,1
LF:10
LH:10
end_of_record
TN:
SF:lib/widgets/ocr.dart
FNF:0
FNH:0
DA:11,1
DA:22,1
DA:23,1
DA:27,1
DA:29,1
DA:32,1
DA:33,1
DA:40,0
DA:42,0
DA:43,0
DA:45,0
DA:48,0
DA:49,0
DA:52,0
DA:55,0
DA:57,0
DA:59,0
DA:60,0
DA:61,0
DA:62,0
DA:64,0
DA:66,0
DA:67,0
DA:68,0
DA:69,0
DA:70,0
DA:71,0
DA:75,0
DA:76,0
DA:78,0
DA:81,0
DA:83,0
DA:84,0
DA:89,0
LF:34
LH:7
end_of_record
TN:
SF:lib/widgets/pick_number.dart
FNF:0
FNH:0
DA:5,1
DA:12,1
DA:20,1
DA:22,1
DA:24,1
DA:25,1
DA:27,1
DA:28,3
DA:29,1
DA:30,1
DA:31,1
DA:32,1
DA:33,1
DA:34,4
DA:35,2
DA:36,2
DA:37,4
DA:40,0
DA:42,0
LF:19
LH:17
end_of_record
TN:
SF:lib/widgets/picker_account_type.dart
FNF:0
FNH:0
DA:6,1
DA:10,1
DA:12,1
DA:14,1
DA:16,1
DA:17,2
LF:6
LH:6
end_of_record
TN:
SF:lib/widgets/picker_category_type.dart
FNF:0
FNH:0
DA:8,1
DA:12,1
DA:14,1
DA:15,1
DA:16,0
DA:17,0
LF:6
LH:4
end_of_record
TN:
SF:lib/widgets/picker_edit_box.dart
FNF:0
FNH:0
DA:6,1
DA:25,1
DA:26,1
DA:32,1
DA:34,1
DA:35,4
DA:38,1
DA:40,1
DA:46,1
DA:48,1
DA:49,1
DA:50,1
DA:52,1
DA:53,1
DA:54,2
DA:55,3
DA:60,1
DA:61,1
DA:67,1
DA:69,11
DA:73,0
DA:74,0
DA:75,0
DA:81,1
DA:82,1
DA:84,1
DA:85,1
DA:86,2
DA:87,1
DA:88,2
DA:89,2
DA:90,1
DA:91,2
DA:92,2
DA:93,3
LF:35
LH:32
end_of_record
TN:
SF:lib/widgets/picker_edit_box_date.dart
FNF:0
FNH:0
DA:8,1
DA:17,1
DA:18,1
DA:24,1
DA:26,1
DA:27,4
DA:30,1
DA:32,1
DA:34,1
DA:35,1
DA:36,1
DA:37,1
DA:39,1
DA:40,2
DA:41,3
DA:46,1
DA:47,0
DA:48,0
DA:49,0
DA:50,0
DA:52,0
DA:55,0
DA:56,0
DA:59,0
DA:60,0
LF:25
LH:16
end_of_record
TN:
SF:lib/widgets/picker_investment_type.dart
FNF:0
FNH:0
DA:5,1
DA:9,1
DA:11,1
DA:13,1
DA:15,0
DA:16,0
LF:6
LH:4
end_of_record
TN:
SF:lib/widgets/picker_letter.dart
FNF:0
FNH:0
DA:4,1
DA:17,1
DA:18,1
DA:22,1
DA:24,1
DA:26,3
DA:27,2
DA:28,3
DA:29,1
DA:30,1
DA:31,1
DA:32,0
DA:35,0
DA:37,0
DA:40,1
DA:45,1
DA:46,1
DA:48,1
DA:53,2
DA:54,1
DA:56,0
LF:21
LH:17
end_of_record
TN:
SF:lib/widgets/picker_panel.dart
FNF:0
FNH:0
DA:11,1
DA:25,1
DA:28,1
DA:37,1
DA:42,1
DA:63,1
DA:64,1
DA:80,1
DA:82,1
DA:83,1
DA:84,1
DA:85,1
DA:88,1
DA:90,1
DA:91,2
DA:93,1
DA:95,1
DA:96,1
DA:97,1
DA:98,2
DA:104,1
DA:105,2
DA:106,5
DA:107,2
DA:109,2
DA:110,2
DA:111,2
DA:114,1
DA:118,1
DA:119,1
DA:122,1
DA:123,2
DA:124,1
DA:125,1
DA:131,1
DA:132,1
DA:133,2
DA:134,1
DA:135,2
DA:136,1
DA:137,2
DA:138,3
DA:139,1
DA:144,1
DA:145,1
DA:147,1
DA:148,3
DA:149,1
DA:150,1
DA:151,1
DA:152,1
DA:153,0
DA:154,0
DA:155,0
DA:156,0
DA:157,0
DA:166,1
DA:167,1
DA:168,1
DA:169,2
DA:170,3
DA:175,1
DA:181,1
DA:182,1
DA:183,2
DA:184,3
DA:186,1
DA:187,2
DA:189,1
DA:190,2
DA:191,4
DA:193,1
DA:194,1
DA:195,1
DA:197,2
DA:202,1
DA:203,2
DA:205,3
DA:211,1
DA:212,2
DA:213,3
DA:217,1
DA:218,3
DA:219,1
DA:220,2
DA:221,2
DA:222,2
DA:228,1
DA:229,3
DA:230,3
DA:231,6
DA:232,3
DA:233,4
DA:234,6
LF:94
LH:89
end_of_record
TN:
SF:lib/widgets/picker_security_type.dart
FNF:0
FNH:0
DA:9,1
DA:13,1
DA:15,1
DA:18,1
DA:19,1
DA:20,1
DA:21,1
LF:7
LH:7
end_of_record
TN:
SF:lib/widgets/preferences_controller.dart
FNF:0
FNH:0
DA:21,2
DA:22,0
DA:23,2
DA:24,2
DA:56,3
DA:59,1
DA:60,2
DA:63,1
DA:73,3
DA:76,1
DA:77,2
DA:80,1
DA:88,3
DA:91,1
DA:92,2
DA:94,2
DA:98,2
DA:100,2
DA:102,2
DA:104,2
DA:106,0
DA:108,2
DA:119,2
DA:121,2
DA:122,2
DA:123,2
DA:124,0
DA:127,2
DA:128,2
DA:133,1
DA:134,1
DA:136,2
DA:137,2
DA:140,1
DA:141,3
DA:148,3
DA:151,1
DA:152,2
DA:153,1
DA:157,0
DA:158,0
DA:162,1
DA:163,2
DA:166,0
DA:167,0
DA:170,3
DA:173,1
DA:174,2
DA:177,0
DA:179,1
DA:180,6
DA:185,3
DA:187,0
DA:188,0
DA:189,0
DA:194,3
DA:196,1
DA:197,2
DA:198,1
DA:201,2
DA:202,3
DA:203,1
DA:204,2
DA:207,1
DA:214,1
DA:215,1
DA:219,1
DA:220,1
DA:221,1
DA:227,2
DA:228,1
DA:229,1
DA:235,1
DA:238,1
DA:239,5
DA:242,3
DA:245,3
DA:247,1
DA:250,3
DA:254,3
DA:255,3
DA:257,2
DA:258,2
DA:260,1
DA:262,2
DA:263,2
DA:265,1
DA:267,2
DA:268,2
DA:270,1
DA:272,3
DA:279,1
DA:280,2
DA:284,1
DA:285,2
DA:289,1
DA:290,2
DA:294,1
DA:295,2
DA:298,0
DA:302,0
DA:305,0
DA:306,0
DA:310,1
DA:315,0
DA:316,0
DA:318,2
DA:323,0
DA:324,0
DA:325,0
DA:327,0
DA:332,1
DA:333,2
DA:336,3
DA:338,1
DA:339,2
DA:340,2
DA:343,9
DA:348,0
DA:349,0
DA:350,0
DA:351,0
DA:353,0
DA:357,0
DA:358,0
DA:359,0
DA:363,0
LF:127
LH:97
end_of_record
TN:
SF:lib/widgets/quantity_widget.dart
FNF:0
FNH:0
DA:8,2
DA:19,2
DA:21,2
DA:23,6
DA:27,2
DA:28,2
DA:32,4
DA:34,2
DA:35,2
DA:36,2
DA:40,2
DA:41,2
DA:44,2
DA:46,2
DA:47,2
DA:49,2
DA:50,2
DA:51,2
DA:52,1
LF:19
LH:19
end_of_record
TN:
SF:lib/widgets/rectangle.dart
FNF:0
FNH:0
DA:5,1
DA:22,1
DA:24,1
DA:25,1
DA:27,2
DA:28,1
DA:29,1
DA:31,1
DA:32,1
DA:33,1
DA:34,3
LF:11
LH:11
end_of_record
TN:
SF:lib/widgets/rental_pnl.dart
FNF:0
FNH:0
DA:4,1
DA:15,2
DA:29,1
DA:32,3
DA:33,3
DA:34,3
DA:35,3
DA:36,3
DA:37,3
DA:38,3
DA:39,2
DA:41,2
DA:46,1
DA:49,2
DA:50,0
DA:51,0
DA:57,10
DA:59,4
DA:61,1
DA:62,2
DA:63,1
DA:65,1
DA:66,1
DA:67,1
LF:24
LH:22
end_of_record
TN:
SF:lib/widgets/reveal_content.dart
FNF:0
FNH:0
DA:5,1
DA:14,1
DA:15,1
DA:21,1
DA:23,1
DA:24,1
DA:25,0
DA:26,0
DA:27,0
DA:30,4
DA:34,0
DA:35,0
DA:36,0
DA:37,0
DA:38,0
LF:15
LH:7
end_of_record
TN:
SF:lib/widgets/sankey/sankey_colors.dart
FNF:0
FNH:0
DA:4,1
DA:6,1
DA:8,1
DA:9,1
DA:10,1
LF:5
LH:5
end_of_record
TN:
SF:lib/widgets/sankey/sankey_helper.dart
FNF:0
FNH:0
DA:8,1
DA:19,1
DA:38,1
DA:39,2
DA:41,1
DA:42,2
DA:43,1
DA:44,2
DA:47,1
DA:49,1
DA:50,1
DA:51,1
DA:52,1
DA:58,1
DA:63,1
DA:65,2
DA:67,2
DA:68,3
DA:69,3
DA:71,7
DA:72,3
DA:73,3
DA:74,7
DA:75,3
DA:76,3
DA:78,1
DA:80,1
DA:82,2
DA:83,2
DA:85,1
DA:88,1
DA:90,1
DA:93,1
DA:94,1
DA:98,1
DA:99,1
DA:103,2
DA:104,5
DA:105,1
DA:106,1
DA:113,1
DA:122,1
DA:123,3
DA:124,1
DA:125,1
DA:126,1
DA:134,1
DA:140,1
DA:142,1
DA:144,1
DA:146,4
DA:147,4
DA:150,1
DA:153,1
DA:160,3
DA:161,3
DA:163,1
DA:164,4
DA:167,2
DA:169,1
DA:172,3
DA:173,1
DA:175,2
DA:176,1
DA:178,2
DA:179,1
DA:181,1
DA:182,1
DA:185,3
DA:187,1
DA:189,2
DA:190,1
DA:192,2
DA:193,1
DA:195,1
DA:196,1
DA:200,1
DA:202,1
DA:203,1
DA:204,1
DA:205,1
DA:215,1
DA:216,1
DA:218,4
DA:223,1
DA:224,1
DA:226,3
LF:87
LH:87
end_of_record
TN:
SF:lib/widgets/sankey/sankey_painter.dart
FNF:0
FNH:0
DA:19,1
DA:32,1
DA:34,1
DA:35,1
DA:36,1
DA:37,1
DA:38,1
DA:39,1
DA:47,1
DA:63,1
DA:65,3
DA:67,1
DA:68,1
DA:70,1
DA:72,2
DA:74,3
DA:76,1
DA:77,1
DA:79,3
DA:81,1
DA:83,1
DA:85,2
DA:88,1
DA:89,1
DA:90,1
DA:91,2
DA:92,1
DA:93,2
DA:95,1
DA:98,2
DA:99,2
DA:105,3
DA:106,1
DA:107,1
DA:108,1
DA:109,2
DA:110,1
DA:111,2
DA:112,1
DA:113,1
DA:116,2
DA:117,2
DA:125,2
DA:127,1
DA:131,2
DA:132,2
DA:135,3
DA:138,2
DA:140,1
DA:141,2
DA:144,2
DA:145,2
DA:148,5
DA:151,1
DA:154,1
DA:155,2
DA:156,2
DA:157,3
DA:160,1
DA:161,3
DA:162,2
DA:163,2
DA:165,2
DA:170,1
DA:171,1
DA:183,0
DA:186,0
DA:194,1
DA:202,2
DA:203,1
DA:211,1
DA:213,0
DA:214,0
DA:215,0
DA:218,1
DA:219,2
DA:220,4
DA:223,2
DA:225,2
DA:227,1
DA:230,2
DA:231,2
DA:244,1
DA:254,1
DA:262,1
DA:266,1
DA:267,0
DA:268,0
DA:269,0
DA:270,0
DA:272,0
DA:273,0
DA:274,0
DA:275,0
DA:278,1
DA:279,2
DA:280,3
DA:281,2
DA:283,1
DA:284,3
DA:285,2
DA:286,2
DA:290,1
DA:294,2
DA:298,1
DA:307,1
DA:309,4
DA:313,1
DA:316,2
DA:318,1
DA:320,3
DA:322,1
DA:323,2
DA:324,2
DA:325,1
DA:326,3
DA:333,1
DA:334,1
DA:336,3
DA:339,1
DA:342,1
LF:121
LH:108
end_of_record
TN:
SF:lib/widgets/scale_down.dart
FNF:0
FNH:0
DA:5,2
DA:9,2
DA:13,10
DA:14,5
DA:15,10
LF:5
LH:5
end_of_record
TN:
SF:lib/widgets/selection_controller.dart
FNF:0
FNH:0
DA:12,1
DA:13,2
DA:14,1
DA:21,1
DA:22,2
DA:23,1
DA:25,2
DA:29,0
DA:30,0
DA:33,1
DA:34,2
DA:35,2
DA:36,1
DA:37,1
DA:39,1
DA:43,1
DA:44,2
DA:45,2
DA:46,1
DA:47,1
DA:52,1
DA:53,2
DA:54,2
DA:55,2
DA:57,1
DA:60,0
DA:63,0
DA:64,0
DA:65,0
DA:67,0
LF:30
LH:23
end_of_record
TN:
SF:lib/widgets/semantic_text.dart
FNF:0
FNH:0
DA:3,0
DA:4,0
DA:7,1
DA:8,1
DA:10,3
LF:5
LH:3
end_of_record
TN:
SF:lib/widgets/snack_bar.dart
FNF:0
FNH:0
DA:9,6
DA:18,3
DA:26,0
DA:31,2
DA:36,1
DA:41,2
DA:55,1
DA:57,1
DA:59,1
DA:62,1
DA:63,1
DA:65,1
DA:72,1
DA:74,1
DA:79,1
DA:82,1
DA:86,1
DA:88,2
DA:90,1
DA:96,1
DA:97,1
DA:103,1
DA:107,1
DA:109,2
DA:113,0
DA:118,1
DA:121,2
DA:122,0
DA:123,0
DA:124,0
DA:125,0
DA:132,0
DA:137,0
DA:141,0
DA:146,1
DA:151,1
DA:155,5
DA:160,0
DA:165,0
DA:169,0
DA:174,0
DA:179,0
DA:183,0
DA:188,0
DA:189,0
DA:190,0
DA:194,0
DA:195,0
DA:199,0
DA:204,0
LF:50
LH:28
end_of_record
TN:
SF:lib/widgets/stock_cumulative.dart
FNF:0
FNH:0
DA:12,1
LF:1
LH:1
end_of_record
TN:
SF:lib/widgets/text_title.dart
FNF:0
FNH:0
DA:4,2
DA:8,4
DA:10,4
DA:11,4
DA:12,4
DA:14,16
LF:6
LH:6
end_of_record
TN:
SF:lib/widgets/theme_controller.dart
FNF:0
FNH:0
DA:11,3
DA:21,3
DA:47,2
DA:49,2
DA:50,2
DA:56,1
DA:57,3
DA:58,1
DA:61,2
DA:62,3
DA:64,2
DA:65,6
DA:66,4
DA:68,4
DA:72,4
DA:73,1
DA:76,1
DA:77,4
DA:78,4
DA:81,2
DA:82,2
DA:83,2
DA:85,1
DA:86,2
DA:87,1
DA:88,3
DA:95,1
DA:96,2
DA:97,4
DA:98,1
DA:99,1
DA:102,5
DA:104,1
DA:106,4
DA:107,0
DA:110,1
DA:111,4
DA:113,1
DA:114,1
DA:115,1
DA:116,1
DA:117,1
DA:118,1
DA:119,1
DA:120,1
DA:121,1
DA:128,1
DA:130,4
DA:131,0
DA:133,1
DA:134,4
DA:136,1
DA:137,1
DA:138,1
DA:139,1
DA:140,1
DA:141,1
DA:142,1
DA:143,1
DA:144,1
DA:151,3
DA:153,1
DA:154,4
DA:155,4
DA:156,1
DA:157,1
DA:161,1
DA:162,4
DA:163,3
LF:69
LH:67
end_of_record
TN:
SF:lib/widgets/theme_custom.dart
FNF:0
FNH:0
DA:15,5
DA:32,0
DA:42,0
DA:43,0
DA:44,0
DA:45,0
DA:46,0
DA:47,0
DA:48,0
DA:49,0
DA:53,2
DA:55,2
DA:58,2
DA:59,6
DA:60,6
DA:61,6
DA:62,6
DA:63,6
DA:64,6
DA:65,6
DA:70,1
DA:72,1
DA:73,1
DA:74,1
DA:75,1
DA:76,1
DA:77,1
DA:78,0
DA:79,0
DA:80,0
DA:81,0
DA:82,0
DA:83,0
DA:84,0
DA:85,0
DA:89,1
DA:90,1
DA:91,1
DA:93,1
DA:94,1
DA:97,1
DA:100,2
DA:102,2
DA:103,1
DA:105,2
DA:106,1
DA:108,2
DA:114,2
DA:115,2
DA:116,1
DA:118,2
DA:119,1
DA:121,2
DA:128,2
DA:129,4
LF:55
LH:38
end_of_record
TN:
SF:lib/widgets/three_part_label.dart
FNF:0
FNH:0
DA:4,1
DA:19,1
DA:21,1
DA:22,4
DA:23,1
DA:25,1
DA:27,3
DA:29,1
DA:31,1
DA:36,1
DA:37,1
DA:38,4
DA:40,4
DA:44,1
DA:45,4
LF:15
LH:15
end_of_record
TN:
SF:lib/widgets/token_text.dart
FNF:0
FNH:0
DA:6,1
DA:7,5
DA:16,1
DA:20,1
DA:21,1
DA:22,2
DA:23,2
DA:25,3
DA:28,1
DA:30,2
DA:31,3
DA:32,1
DA:33,1
DA:34,1
DA:42,1
DA:43,2
DA:45,2
DA:49,1
DA:50,1
DA:54,0
DA:56,0
DA:61,4
LF:22
LH:20
end_of_record
TN:
SF:lib/widgets/value_parser.dart
FNF:0
FNH:0
DA:21,4
DA:33,0
DA:34,0
DA:36,12
DA:38,2
DA:39,4
DA:42,8
DA:45,4
DA:47,1
DA:48,2
DA:49,1
DA:52,3
DA:54,0
DA:57,3
DA:58,1
DA:61,1
DA:62,2
DA:63,1
DA:66,1
DA:68,2
DA:71,2
DA:72,1
DA:75,1
DA:76,2
DA:77,1
DA:79,2
DA:84,2
DA:91,2
DA:104,0
DA:105,0
DA:107,1
DA:111,2
DA:113,3
DA:114,2
DA:117,1
DA:120,2
DA:121,2
DA:122,4
DA:123,6
DA:128,2
DA:133,4
DA:135,2
DA:136,10
DA:137,1
DA:138,1
DA:139,2
DA:140,2
DA:143,1
DA:144,1
DA:145,2
DA:146,2
DA:159,2
DA:174,2
DA:175,4
DA:178,1
DA:184,1
DA:185,2
DA:186,1
DA:187,2
DA:188,1
DA:189,2
DA:192,1
DA:193,1
DA:194,1
DA:197,2
DA:198,5
DA:203,2
DA:208,2
DA:210,4
DA:211,8
DA:212,2
DA:216,2
DA:218,2
DA:219,1
DA:222,2
DA:223,0
DA:226,2
DA:227,1
DA:228,1
DA:233,2
DA:234,8
DA:235,4
DA:238,2
DA:240,6
DA:243,4
DA:246,2
DA:247,2
DA:248,2
DA:249,2
DA:251,2
DA:255,0
DA:256,0
DA:258,0
DA:259,0
DA:260,0
DA:261,0
DA:262,0
DA:263,0
DA:265,0
DA:267,0
DA:270,0
DA:272,0
DA:281,0
DA:282,0
DA:283,0
DA:286,2
DA:291,4
DA:293,2
DA:295,2
DA:300,2
DA:305,6
DA:309,2
DA:313,2
DA:314,4
DA:315,4
DA:322,1
DA:326,1
DA:327,2
DA:328,1
DA:329,3
DA:336,1
DA:341,2
DA:342,1
DA:349,1
DA:350,1
DA:351,2
DA:352,3
DA:357,1
DA:358,1
DA:359,2
DA:360,3
DA:365,1
DA:366,1
DA:367,2
DA:368,3
DA:373,6
DA:375,2
DA:378,2
DA:380,2
DA:383,1
DA:385,1
DA:388,12
DA:391,1
DA:396,1
LF:144
LH:123
end_of_record
TN:
SF:lib/widgets/vertical_line_with_tooltip.dart
FNF:0
FNH:0
DA:6,1
DA:19,1
DA:21,3
DA:24,1
DA:25,2
DA:27,0
DA:29,1
DA:30,2
DA:31,1
DA:32,1
DA:33,1
DA:34,1
LF:12
LH:11
end_of_record
TN:
SF:lib/widgets/widgets_domain/cd/field.dart
FNF:0
FNH:0
DA:32,5
DA:54,5
DA:58,10
DA:59,10
DA:64,10
DA:65,5
DA:66,5
DA:67,5
DA:68,6
DA:69,8
DA:70,5
DA:71,8
DA:72,2
DA:73,0
DA:74,2
DA:75,5
DA:78,0
DA:84,10
DA:87,8
DA:92,5
DA:94,5
DA:95,5
DA:96,5
DA:97,5
DA:98,5
DA:99,5
DA:100,0
DA:104,0
DA:105,0
DA:106,0
DA:109,5
DA:110,4
DA:111,0
DA:115,0
DA:116,0
DA:117,0
DA:120,5
DA:121,3
DA:122,1
DA:126,1
DA:127,2
DA:128,2
DA:133,5
DA:134,1
DA:138,1
DA:139,3
DA:140,3
DA:183,1
DA:184,2
DA:185,1
DA:187,2
DA:188,1
DA:190,0
DA:193,1
DA:194,1
DA:195,1
DA:196,1
DA:197,1
DA:198,0
DA:199,1
DA:200,1
DA:201,1
DA:202,1
DA:203,2
DA:204,0
DA:206,1
DA:207,1
DA:209,1
DA:210,1
DA:211,0
DA:212,1
DA:216,1
DA:220,1
DA:221,2
DA:222,1
DA:226,1
DA:228,1
DA:229,1
DA:230,1
DA:234,1
DA:235,2
DA:238,1
DA:240,1
DA:248,1
DA:249,2
DA:253,5
DA:254,5
DA:257,5
DA:258,5
DA:263,3
DA:273,3
DA:282,1
DA:290,1
DA:294,1
DA:302,1
DA:310,5
DA:311,5
DA:314,5
DA:320,5
DA:339,4
DA:349,4
DA:350,4
DA:357,2
DA:374,4
DA:389,4
DA:390,4
DA:391,0
DA:392,0
DA:397,0
DA:398,0
DA:399,0
DA:409,1
DA:410,2
DA:415,1
DA:421,1
DA:423,1
DA:430,1
DA:431,1
DA:435,1
DA:439,1
DA:442,1
DA:443,5
DA:447,1
DA:451,1
DA:453,2
DA:454,2
DA:455,2
DA:458,1
DA:459,1
DA:460,2
DA:461,1
DA:463,1
DA:465,1
DA:466,1
DA:467,1
DA:475,1
DA:478,0
DA:482,0
DA:483,0
DA:486,0
DA:491,3
DA:493,1
DA:497,2
DA:498,2
DA:499,1
DA:501,0
DA:506,0
DA:511,1
DA:515,1
DA:524,1
DA:528,2
DA:529,1
DA:534,1
DA:541,1
DA:542,2
DA:543,2
DA:544,2
DA:548,0
DA:552,0
DA:568,1
DA:572,1
DA:573,1
DA:574,1
DA:575,4
DA:577,2
DA:580,1
DA:581,2
DA:584,1
DA:586,1
DA:587,0
DA:590,0
DA:591,0
DA:593,0
DA:597,2
DA:600,2
DA:630,1
DA:634,2
DA:635,2
DA:638,2
LF:179
LH:148
end_of_record
TN:
SF:lib/widgets/widgets_domain/cd/money_object.dart
FNF:0
FNH:0
DA:19,0
DA:21,1
DA:23,1
DA:25,2
DA:27,2
DA:29,2
DA:37,1
DA:43,1
DA:44,1
DA:46,1
DA:47,1
DA:52,1
DA:54,2
DA:56,0
DA:59,1
DA:63,2
DA:67,2
DA:68,2
DA:76,2
DA:81,2
DA:82,2
DA:84,2
DA:85,2
DA:89,2
DA:93,2
DA:95,2
DA:97,2
DA:98,2
DA:99,2
DA:100,2
DA:101,4
DA:114,2
DA:119,2
DA:124,2
DA:128,2
DA:137,2
DA:138,2
DA:139,1
DA:145,2
DA:152,2
DA:153,1
DA:160,2
DA:161,2
DA:162,2
DA:163,2
DA:164,2
DA:165,4
DA:166,2
DA:171,2
DA:172,2
DA:175,2
DA:176,2
DA:177,1
DA:183,2
DA:184,2
DA:186,4
DA:189,2
DA:190,1
DA:197,2
DA:201,2
DA:202,2
DA:203,1
DA:210,2
DA:211,2
DA:217,2
DA:218,2
DA:226,0
DA:227,0
DA:229,5
DA:238,1
DA:239,1
DA:248,1
DA:250,1
DA:251,4
DA:252,1
DA:253,5
DA:255,1
DA:257,1
DA:266,1
DA:271,1
DA:275,2
DA:276,0
DA:278,1
DA:281,1
DA:283,2
DA:284,1
DA:289,2
DA:290,2
DA:292,1
DA:293,1
DA:302,1
DA:303,1
DA:305,1
DA:307,1
DA:309,1
DA:311,3
DA:321,1
DA:329,2
DA:335,1
DA:337,1
DA:339,1
DA:340,1
DA:345,1
DA:347,1
DA:348,1
DA:349,1
DA:352,2
DA:357,1
DA:358,1
DA:360,0
DA:361,0
DA:362,0
DA:364,0
DA:367,1
DA:368,1
DA:369,1
DA:372,1
DA:373,1
DA:374,2
DA:376,0
DA:380,0
DA:381,0
DA:382,0
DA:387,1
DA:388,3
DA:389,1
DA:391,1
DA:392,1
DA:395,1
DA:396,2
DA:397,1
DA:404,1
DA:405,1
DA:408,1
DA:409,1
DA:410,1
DA:411,1
DA:413,1
DA:419,1
DA:420,1
DA:422,1
DA:423,1
DA:425,1
DA:426,2
DA:427,1
DA:437,0
DA:439,1
DA:440,6
DA:443,1
DA:444,1
DA:445,1
DA:446,2
DA:451,1
DA:452,1
DA:453,1
DA:454,5
DA:455,1
DA:456,5
DA:457,1
DA:458,5
DA:465,1
DA:466,1
DA:468,2
DA:469,2
DA:470,4
DA:477,1
DA:478,2
DA:483,1
DA:484,2
DA:487,0
DA:489,1
DA:490,1
DA:491,1
DA:492,1
DA:495,2
DA:498,9
DA:500,0
DA:502,0
DA:503,0
DA:506,1
DA:511,1
DA:512,1
DA:513,1
DA:516,1
DA:517,2
DA:518,1
DA:526,1
DA:527,1
DA:528,0
DA:530,2
DA:531,1
DA:534,0
DA:536,0
DA:537,0
DA:539,0
DA:542,0
DA:545,1
DA:546,1
DA:547,2
DA:553,0
DA:554,0
DA:558,1
DA:559,1
DA:560,1
DA:561,1
DA:562,3
DA:564,3
DA:568,3
DA:573,0
DA:576,0
DA:577,0
DA:580,1
DA:584,1
DA:585,1
DA:586,1
DA:587,2
DA:590,1
DA:592,1
DA:593,1
DA:595,1
DA:597,2
DA:600,1
DA:602,1
DA:604,1
LF:224
LH:195
end_of_record
TN:
SF:lib/widgets/widgets_domain/field_filter.dart
FNF:0
FNH:0
DA:14,2
DA:18,2
DA:21,2
DA:22,2
DA:23,2
DA:24,10
DA:25,2
DA:30,2
DA:31,2
DA:32,2
DA:33,2
DA:34,2
DA:48,0
DA:50,0
DA:56,0
DA:57,0
DA:58,0
DA:66,1
DA:67,1
DA:70,2
DA:71,3
LF:21
LH:16
end_of_record
TN:
SF:lib/widgets/widgets_domain/field_filters.dart
FNF:0
FNH:0
DA:10,2
DA:11,2
DA:12,1
DA:14,2
DA:15,2
DA:17,2
DA:18,4
DA:27,2
DA:28,2
DA:30,2
DA:31,4
DA:33,2
DA:34,2
DA:37,2
DA:38,2
DA:39,10
DA:45,1
DA:46,2
DA:49,2
DA:50,4
DA:53,6
DA:55,4
DA:57,3
DA:59,1
DA:61,1
DA:64,2
DA:65,4
LF:27
LH:27
end_of_record
TN:
SF:lib/widgets/widgets_domain/money_widget.dart
FNF:0
FNH:0
DA:15,2
DA:21,1
DA:25,1
DA:26,1
DA:36,2
DA:38,4
DA:39,0
DA:40,0
DA:41,0
DA:43,0
DA:47,2
DA:51,2
DA:52,4
DA:53,2
DA:59,2
DA:60,2
DA:61,6
DA:62,1
DA:63,3
DA:64,1
DA:65,3
DA:68,2
DA:70,8
DA:75,2
DA:76,2
DA:77,4
DA:80,2
DA:81,4
DA:83,2
DA:85,4
DA:89,2
DA:90,2
DA:93,2
DA:96,2
DA:98,2
DA:99,2
DA:100,2
DA:102,4
DA:110,1
DA:111,1
DA:113,1
DA:114,1
LF:42
LH:38
end_of_record
TN:
SF:lib/widgets/wizard_choice.dart
FNF:0
FNH:0
DA:5,2
DA:16,2
DA:18,2
DA:19,2
DA:20,2
DA:21,2
DA:26,2
DA:27,4
DA:29,2
DA:31,2
DA:32,4
DA:33,2
DA:35,4
DA:37,2
DA:39,4
LF:15
LH:15
end_of_record
TN:
SF:lib/widgets/working.dart
FNF:0
FNH:0
DA:4,4
DA:8,0
DA:12,0
DA:13,0
DA:14,0
DA:15,0
DA:16,0
LF:7
LH:1
end_of_record
TN:
SF:lib/widgets/xlsx_header_row_selector_dialog.dart
FNF:0
FNH:0
DA:4,1
DA:11,1
DA:12,1
DA:22,1
DA:24,1
DA:27,2
DA:28,2
DA:29,5
DA:30,5
DA:31,5
DA:32,2
DA:37,2
DA:39,5
DA:40,4
DA:41,0
DA:45,1
DA:47,5
DA:49,1
DA:51,1
DA:52,1
DA:54,1
DA:60,2
DA:61,1
DA:63,1
DA:64,1
DA:65,0
DA:67,0
DA:68,0
DA:72,1
DA:73,2
DA:74,2
DA:75,6
DA:76,0
DA:77,4
DA:78,1
DA:79,3
DA:80,1
DA:90,3
DA:91,0
DA:93,0
DA:94,0
DA:98,2
DA:99,1
DA:101,1
DA:102,3
DA:109,1
DA:110,1
DA:112,0
DA:114,1
DA:116,0
DA:122,1
DA:123,1
DA:124,1
DA:128,4
DA:129,6
DA:131,1
DA:132,1
DA:133,1
DA:134,1
DA:135,1
DA:136,1
DA:137,1
DA:138,1
DA:139,1
DA:140,1
DA:143,1
DA:144,1
DA:146,3
DA:147,1
DA:148,5
DA:153,6
DA:154,6
DA:155,6
DA:158,2
DA:159,2
DA:160,2
DA:163,3
DA:164,1
DA:165,3
DA:166,1
DA:170,1
DA:171,2
DA:172,1
DA:176,1
DA:187,1
DA:191,1
DA:194,1
DA:195,1
LF:88
LH:78
end_of_record
TN:
SF:lib/widgets/years_range_selector.dart
FNF:0
FNH:0
DA:14,1
DA:30,1
DA:31,1
DA:42,2
DA:43,3
DA:44,3
DA:49,1
DA:52,3
DA:56,1
DA:57,1
DA:58,4
DA:59,4
DA:61,1
DA:62,1
DA:64,1
DA:66,1
DA:68,1
DA:69,1
DA:70,4
DA:71,4
DA:72,1
DA:73,3
DA:74,3
DA:76,1
DA:77,3
DA:78,3
DA:80,4
DA:81,0
DA:82,0
DA:83,0
DA:84,0
DA:85,0
DA:87,0
DA:91,1
DA:92,0
DA:93,0
DA:94,0
DA:95,0
DA:98,1
DA:99,2
DA:100,1
DA:113,1
DA:114,1
DA:115,3
DA:116,3
DA:121,12
DA:122,2
DA:124,1
DA:125,1
DA:126,2
DA:127,1
DA:130,1
DA:131,1
DA:132,3
DA:133,1
DA:135,1
DA:137,1
DA:139,2
DA:140,1
DA:142,1
DA:144,1
DA:145,3
DA:146,1
DA:153,0
DA:154,0
DA:155,0
DA:157,0
DA:158,0
DA:159,0
DA:160,0
DA:161,0
DA:162,0
DA:166,1
DA:168,2
DA:169,3
DA:174,1
DA:178,7
DA:179,2
DA:181,2
DA:183,3
LF:80
LH:61
end_of_record
TN:
SF:lib/widgets/zoom.dart
FNF:0
FNH:0
DA:9,1
DA:20,1
DA:21,1
DA:28,1
DA:30,1
DA:31,1
DA:34,1
DA:36,1
DA:38,1
DA:39,3
DA:40,1
DA:44,1
DA:45,2
DA:46,3
DA:47,1
DA:51,1
DA:54,1
DA:55,1
DA:56,2
DA:57,2
DA:58,1
DA:61,2
DA:64,1
DA:68,1
DA:69,2
DA:70,3
DA:71,1
DA:79,1
DA:80,6
LF:29
LH:29
end_of_record
